#
# There is insufficient memory for the Java Runtime Environment to continue.
# Native memory allocation (mmap) failed to map 88080384 bytes for Failed to commit area from 0x000000008de00000 to 0x0000000093200000 of length 88080384.
# Possible reasons:
#   The system is out of physical RAM or swap space
#   The process is running with CompressedOops enabled, and the Java Heap may be blocking the growth of the native heap
# Possible solutions:
#   Reduce memory load on the system
#   Increase physical memory or swap space
#   Check if swap backing store is full
#   Decrease Java heap size (-Xmx/-Xms)
#   Decrease number of Java threads
#   Decrease Java thread stack sizes (-Xss)
#   Set larger code cache with -XX:ReservedCodeCacheSize=
#   JVM is running with Unscaled Compressed Oops mode in which the Java heap is
#     placed in the first 4GB address space. The Java Heap base address is the
#     maximum limit for the native heap growth. Please use -XX:HeapBaseMinAddress
#     to set the Java Heap base and to place the Java Heap above 4GB virtual address.
# This output file may be truncated or incomplete.
#
#  Out of Memory Error (./src/hotspot/os/windows/os_windows.cpp:3301), pid=13140, tid=10864
#
# JRE version: OpenJDK Runtime Environment (11.0.10) (build 11.0.10+0-b96-7249189)
# Java VM: OpenJDK 64-Bit Server VM (11.0.10+0-b96-7249189, mixed mode, tiered, compressed oops, g1 gc, windows-amd64)
# No core dump will be written. Minidumps are not enabled by default on client versions of Windows
#

---------------  S U M M A R Y ------------

Command Line: --add-opens=java.base/java.util=ALL-UNNAMED --add-opens=java.base/java.lang=ALL-UNNAMED --add-opens=java.base/java.lang.invoke=ALL-UNNAMED --add-opens=java.base/java.util=ALL-UNNAMED --add-opens=java.prefs/java.util.prefs=ALL-UNNAMED --add-opens=java.prefs/java.util.prefs=ALL-UNNAMED --add-opens=java.base/java.nio.charset=ALL-UNNAMED --add-opens=java.base/java.net=ALL-UNNAMED --add-opens=java.base/java.util.concurrent.atomic=ALL-UNNAMED -Xmx2048m -Dfile.encoding=UTF-8 -Duser.country=US -Duser.language=en -Duser.variant org.gradle.launcher.daemon.bootstrap.GradleDaemon 7.0.2

Host: Intel(R) Core(TM) i5-8250U CPU @ 1.60GHz, 8 cores, 7G,  Windows 10 , 64 bit Build 22000 (10.0.22000.318)
Time: Wed Dec 22 17:53:31 2021 Pakistan Standard Time elapsed time: 1089.737855 seconds (0d 0h 18m 9s)

---------------  T H R E A D  ---------------

Current thread (0x00000241af301800):  VMThread "VM Thread" [stack: 0x000000e1f6b00000,0x000000e1f6c00000] [id=10864]

Stack: [0x000000e1f6b00000,0x000000e1f6c00000]
[error occurred during error reporting (printing stack bounds), id 0xc0000005, EXCEPTION_ACCESS_VIOLATION (0xc0000005) at pc=0x0000024198990f2d]

Native frames: (J=compiled Java code, j=interpreted, Vv=VM code, C=native code)
V  [jvm.dll+0x5ecfaa]
V  [jvm.dll+0x722bd5]
V  [jvm.dll+0x72412d]
V  [jvm.dll+0x724745]
V  [jvm.dll+0x7246fb]
V  [jvm.dll+0x5ec348]
V  [jvm.dll+0x5ecad8]
C  [ntdll.dll+0xa82ff]
C  [ntdll.dll+0x35a0a]
C  [ntdll.dll+0xa730e]
C  0x0000024198990f2d

VM_Operation (0x000000e1fc2fcce0): G1CollectForAllocation, mode: safepoint, requested by thread 0x00000241b23ba800


---------------  P R O C E S S  ---------------

Threads class SMR info:
_java_thread_list=0x00000241b4ec1350, length=86, elements={
0x0000024194e9b000, 0x00000241af304800, 0x00000241af30f800, 0x00000241afc84800,
0x00000241afc86000, 0x00000241afc87000, 0x00000241afc8a000, 0x00000241afc8d800,
0x00000241af31f000, 0x00000241afddc800, 0x00000241b154c000, 0x00000241b10aa000,
0x00000241afe88000, 0x00000241b3349000, 0x00000241b3344800, 0x00000241b3345000,
0x00000241b3346000, 0x00000241b3343800, 0x00000241b23b8000, 0x00000241b23b7800,
0x00000241b23b3000, 0x00000241b23b9800, 0x00000241b23bd000, 0x00000241b0183800,
0x00000241b0184000, 0x00000241b0185000, 0x00000241b0185800, 0x00000241b0186800,
0x00000241b0187800, 0x00000241b018c800, 0x00000241b6e23000, 0x00000241b53f6000,
0x00000241b6e29800, 0x00000241b23c0000, 0x00000241b23c1000, 0x00000241b6e21800,
0x00000241b6e1e800, 0x00000241b53fa800, 0x00000241b23bc000, 0x00000241b23b6800,
0x00000241b23be000, 0x00000241b6e20000, 0x00000241b5403800, 0x00000241b6e22800,
0x00000241b6e24000, 0x00000241b6e25000, 0x00000241b6e1f000, 0x00000241b6e28000,
0x00000241b6e2b800, 0x00000241b6e29000, 0x00000241b6e2a800, 0x00000241b6e2c000,
0x00000241b6e26800, 0x00000241b6e27000, 0x00000241b53fb000, 0x00000241b53f7000,
0x00000241b53fc000, 0x00000241b53f9800, 0x00000241b53fd000, 0x00000241b53f8000,
0x00000241b53fe800, 0x00000241b53f8800, 0x00000241b5401000, 0x00000241b5402800,
0x00000241b5404000, 0x00000241b5400000, 0x00000241b5405000, 0x00000241b53ff000,
0x00000241b5401800, 0x00000241b0182800, 0x00000241b018a000, 0x00000241b018d000,
0x00000241b0188000, 0x00000241b018e000, 0x00000241b018a800, 0x00000241b018e800,
0x00000241b018f800, 0x00000241b3347800, 0x00000241b334a000, 0x00000241b3347000,
0x00000241b3348800, 0x00000241b23ba800, 0x00000241b23be800, 0x00000241b23bf800,
0x00000241b23c2000, 0x00000241b6e2d000
}

Java Threads: ( => current thread )
  0x0000024194e9b000 JavaThread "main" [_thread_blocked, id=1732, stack(0x000000e1f6500000,0x000000e1f6600000)]
  0x00000241af304800 JavaThread "Reference Handler" daemon [_thread_blocked, id=17400, stack(0x000000e1f6c00000,0x000000e1f6d00000)]
  0x00000241af30f800 JavaThread "Finalizer" daemon [_thread_blocked, id=17632, stack(0x000000e1f6d00000,0x000000e1f6e00000)]
  0x00000241afc84800 JavaThread "Signal Dispatcher" daemon [_thread_blocked, id=10060, stack(0x000000e1f6e00000,0x000000e1f6f00000)]
  0x00000241afc86000 JavaThread "Attach Listener" daemon [_thread_blocked, id=12680, stack(0x000000e1f6f00000,0x000000e1f7000000)]
  0x00000241afc87000 JavaThread "Service Thread" daemon [_thread_blocked, id=1536, stack(0x000000e1f7000000,0x000000e1f7100000)]
  0x00000241afc8a000 JavaThread "C2 CompilerThread0" daemon [_thread_in_native, id=8964, stack(0x000000e1f7100000,0x000000e1f7200000)]
  0x00000241afc8d800 JavaThread "C1 CompilerThread0" daemon [_thread_blocked, id=18288, stack(0x000000e1f7200000,0x000000e1f7300000)]
  0x00000241af31f000 JavaThread "Sweeper thread" daemon [_thread_blocked, id=7076, stack(0x000000e1f7300000,0x000000e1f7400000)]
  0x00000241afddc800 JavaThread "Common-Cleaner" daemon [_thread_blocked, id=15684, stack(0x000000e1f7400000,0x000000e1f7500000)]
  0x00000241b154c000 JavaThread "Daemon health stats" [_thread_blocked, id=8432, stack(0x000000e1f7a00000,0x000000e1f7b00000)]
  0x00000241b10aa000 JavaThread "Incoming local TCP Connector on port 64247" [_thread_in_native, id=7840, stack(0x000000e1f7600000,0x000000e1f7700000)]
  0x00000241afe88000 JavaThread "Daemon periodic checks" [_thread_blocked, id=4536, stack(0x000000e1f7700000,0x000000e1f7800000)]
  0x00000241b3349000 JavaThread "Cache worker for file hash cache (C:\Users\Hp pavilion 15\.gradle\caches\7.0.2\fileHashes)" [_thread_blocked, id=15140, stack(0x000000e1f8700000,0x000000e1f8800000)]
  0x00000241b3344800 JavaThread "File lock request listener" [_thread_in_native, id=12360, stack(0x000000e1f8800000,0x000000e1f8900000)]
  0x00000241b3345000 JavaThread "Cache worker for journal cache (C:\Users\Hp pavilion 15\.gradle\caches\journal-1)" [_thread_blocked, id=11040, stack(0x000000e1f8a00000,0x000000e1f8b00000)]
  0x00000241b3346000 JavaThread "File watcher server" daemon [_thread_blocked, id=14424, stack(0x000000e1f8e00000,0x000000e1f8f00000)]
  0x00000241b3343800 JavaThread "File watcher consumer" daemon [_thread_blocked, id=9500, stack(0x000000e1f8f00000,0x000000e1f9000000)]
  0x00000241b23b8000 JavaThread "Cache worker for execution history cache (C:\Users\Hp pavilion 15\.gradle\caches\7.0.2\executionHistory)" [_thread_blocked, id=9744, stack(0x000000e1f9300000,0x000000e1f9400000)]
  0x00000241b23b7800 JavaThread "jar transforms" [_thread_blocked, id=8840, stack(0x000000e1f9400000,0x000000e1f9500000)]
  0x00000241b23b3000 JavaThread "jar transforms Thread 2" [_thread_blocked, id=15796, stack(0x000000e1f9500000,0x000000e1f9600000)]
  0x00000241b23b9800 JavaThread "Cache worker for file content cache (C:\Users\Hp pavilion 15\.gradle\caches\7.0.2\fileContent)" [_thread_blocked, id=2472, stack(0x000000e1f9600000,0x000000e1f9700000)]
  0x00000241b23bd000 JavaThread "jar transforms Thread 3" [_thread_blocked, id=14704, stack(0x000000e1f9800000,0x000000e1f9900000)]
  0x00000241b0183800 JavaThread "jar transforms Thread 4" [_thread_blocked, id=1460, stack(0x000000e1fa100000,0x000000e1fa200000)]
  0x00000241b0184000 JavaThread "jar transforms Thread 5" [_thread_blocked, id=5088, stack(0x000000e1fa000000,0x000000e1fa100000)]
  0x00000241b0185000 JavaThread "jar transforms Thread 6" [_thread_blocked, id=8596, stack(0x000000e1fa200000,0x000000e1fa300000)]
  0x00000241b0185800 JavaThread "jar transforms Thread 7" [_thread_blocked, id=11972, stack(0x000000e1fa300000,0x000000e1fa400000)]
  0x00000241b0186800 JavaThread "jar transforms Thread 8" [_thread_blocked, id=8556, stack(0x000000e1fa400000,0x000000e1fa500000)]
  0x00000241b0187800 JavaThread "Memory manager" [_thread_blocked, id=16952, stack(0x000000e1fa600000,0x000000e1fa700000)]
  0x00000241b018c800 JavaThread "pool-3-thread-1" [_thread_blocked, id=15808, stack(0x000000e1fa800000,0x000000e1fa900000)]
  0x00000241b6e23000 JavaThread "Cache worker for Java compile cache (C:\Users\Hp pavilion 15\.gradle\caches\7.0.2\javaCompile)" [_thread_blocked, id=16248, stack(0x000000e1f6400000,0x000000e1f6500000)]
  0x00000241b53f6000 JavaThread "ForkJoinPool.commonPool-worker-15" daemon [_thread_blocked, id=12656, stack(0x000000e1fc500000,0x000000e1fc600000)]
  0x00000241b6e29800 JavaThread "pool-8-thread-1" [_thread_blocked, id=16980, stack(0x000000e1f8000000,0x000000e1f8100000)]
  0x00000241b23c0000 JavaThread "ForkJoinPool.commonPool-worker-5" daemon [_thread_blocked, id=344, stack(0x000000e1fbe00000,0x000000e1fbf00000)]
  0x00000241b23c1000 JavaThread "ForkJoinPool.commonPool-worker-11" daemon [_thread_blocked, id=12968, stack(0x000000e1fc100000,0x000000e1fc200000)]
  0x00000241b6e21800 JavaThread "Daemon Thread 3" [_thread_blocked, id=12260, stack(0x000000e1f6200000,0x000000e1f6300000)]
  0x00000241b6e1e800 JavaThread "Daemon worker Thread 3" [_thread_blocked, id=2476, stack(0x000000e1f7c00000,0x000000e1f7d00000)]
  0x00000241b53fa800 JavaThread "pool-12-thread-1" [_thread_blocked, id=16932, stack(0x000000e1fa900000,0x000000e1faa00000)]
  0x00000241b23bc000 JavaThread "ForkJoinPool.commonPool-worker-13" daemon [_thread_blocked, id=16868, stack(0x000000e1fb900000,0x000000e1fba00000)]
  0x00000241b23b6800 JavaThread "ForkJoinPool.commonPool-worker-7" daemon [_thread_blocked, id=8308, stack(0x000000e1fba00000,0x000000e1fbb00000)]
  0x00000241b23be000 JavaThread "ForkJoinPool.commonPool-worker-1" daemon [_thread_blocked, id=15976, stack(0x000000e1fbb00000,0x000000e1fbc00000)]
  0x00000241b6e20000 JavaThread "pool-17-thread-1" [_thread_blocked, id=3436, stack(0x000000e1fa700000,0x000000e1fa800000)]
  0x00000241b5403800 JavaThread "pool-22-thread-1" [_thread_blocked, id=3860, stack(0x000000e1faa00000,0x000000e1fab00000)]
  0x00000241b6e22800 JavaThread "Handler for socket connection from /127.0.0.1:64247 to /127.0.0.1:56380" [_thread_in_native, id=16216, stack(0x000000e1f6300000,0x000000e1f6400000)]
  0x00000241b6e24000 JavaThread "Cancel handler" [_thread_blocked, id=17652, stack(0x000000e1f7b00000,0x000000e1f7c00000)]
  0x00000241b6e25000 JavaThread "Asynchronous log dispatcher for DefaultDaemonConnection: socket connection from /127.0.0.1:64247 to /127.0.0.1:56380" [_thread_blocked, id=11620, stack(0x000000e1f7d00000,0x000000e1f7e00000)]
  0x00000241b6e1f000 JavaThread "Stdin handler" [_thread_blocked, id=4504, stack(0x000000e1f7e00000,0x000000e1f7f00000)]
  0x00000241b6e28000 JavaThread "Daemon client event forwarder" [_thread_blocked, id=18280, stack(0x000000e1f7f00000,0x000000e1f8000000)]
  0x00000241b6e2b800 JavaThread "Cache worker for file hash cache (C:\Users\Hp pavilion 15\Downloads\Compressed\UstaadMech\UstaadMech\UstaadMech\.gradle\7.0.2\fileHashes)" [_thread_blocked, id=6828, stack(0x000000e1f8100000,0x000000e1f8200000)]
  0x00000241b6e29000 JavaThread "Cache worker for checksums cache (C:\Users\Hp pavilion 15\Downloads\Compressed\UstaadMech\UstaadMech\UstaadMech\.gradle\checksums)" [_thread_blocked, id=6884, stack(0x000000e1f8b00000,0x000000e1f8c00000)]
  0x00000241b6e2a800 JavaThread "Cache worker for cache directory md-supplier (C:\Users\Hp pavilion 15\.gradle\caches\7.0.2\md-supplier)" [_thread_blocked, id=10036, stack(0x000000e1f8c00000,0x000000e1f8d00000)]
  0x00000241b6e2c000 JavaThread "Cache worker for cache directory md-rule (C:\Users\Hp pavilion 15\.gradle\caches\7.0.2\md-rule)" [_thread_blocked, id=4748, stack(0x000000e1f8d00000,0x000000e1f8e00000)]
  0x00000241b6e26800 JavaThread "Cache worker for dependencies-accessors (C:\Users\Hp pavilion 15\Downloads\Compressed\UstaadMech\UstaadMech\UstaadMech\.gradle\7.0.2\dependencies-accessors)" [_thread_blocked, id=14268, stack(0x000000e1f9000000,0x000000e1f9100000)]
  0x00000241b6e27000 JavaThread "Cache worker for Build Output Cleanup Cache (C:\Users\Hp pavilion 15\Downloads\Compressed\UstaadMech\UstaadMech\UstaadMech\.gradle\buildOutputCleanup)" [_thread_blocked, id=8448, stack(0x000000e1f9200000,0x000000e1f9300000)]
  0x00000241b53fb000 JavaThread "Build operations" [_thread_blocked, id=14724, stack(0x000000e1f9700000,0x000000e1f9800000)]
  0x00000241b53f7000 JavaThread "Build operations Thread 2" [_thread_blocked, id=9292, stack(0x000000e1f9900000,0x000000e1f9a00000)]
  0x00000241b53fc000 JavaThread "Build operations Thread 3" [_thread_blocked, id=11532, stack(0x000000e1f9a00000,0x000000e1f9b00000)]
  0x00000241b53f9800 JavaThread "Build operations Thread 4" [_thread_blocked, id=15644, stack(0x000000e1f9b00000,0x000000e1f9c00000)]
  0x00000241b53fd000 JavaThread "Build operations Thread 5" [_thread_blocked, id=17116, stack(0x000000e1f9c00000,0x000000e1f9d00000)]
  0x00000241b53f8000 JavaThread "Build operations Thread 6" [_thread_blocked, id=8396, stack(0x000000e1f9d00000,0x000000e1f9e00000)]
  0x00000241b53fe800 JavaThread "Build operations Thread 7" [_thread_blocked, id=1956, stack(0x000000e1f9e00000,0x000000e1f9f00000)]
  0x00000241b53f8800 JavaThread "Build operations Thread 8" [_thread_blocked, id=15424, stack(0x000000e1f9f00000,0x000000e1fa000000)]
  0x00000241b5401000 JavaThread "build event listener" [_thread_blocked, id=14984, stack(0x000000e1fa500000,0x000000e1fa600000)]
  0x00000241b5402800 JavaThread "pool-26-thread-1" [_thread_blocked, id=18264, stack(0x000000e1fab00000,0x000000e1fac00000)]
  0x00000241b5404000 JavaThread "build event listener" [_thread_blocked, id=16636, stack(0x000000e1fac00000,0x000000e1fad00000)]
  0x00000241b5400000 JavaThread "Execution worker for ':'" [_thread_blocked, id=13980, stack(0x000000e1fad00000,0x000000e1fae00000)]
  0x00000241b5405000 JavaThread "Execution worker for ':' Thread 2" [_thread_blocked, id=15384, stack(0x000000e1fae00000,0x000000e1faf00000)]
  0x00000241b53ff000 JavaThread "Execution worker for ':' Thread 3" [_thread_blocked, id=7020, stack(0x000000e1faf00000,0x000000e1fb000000)]
  0x00000241b5401800 JavaThread "Execution worker for ':' Thread 4" [_thread_blocked, id=14376, stack(0x000000e1fb000000,0x000000e1fb100000)]
  0x00000241b0182800 JavaThread "Execution worker for ':' Thread 5" [_thread_blocked, id=7116, stack(0x000000e1fb100000,0x000000e1fb200000)]
  0x00000241b018a000 JavaThread "Execution worker for ':' Thread 6" [_thread_blocked, id=18348, stack(0x000000e1fb200000,0x000000e1fb300000)]
  0x00000241b018d000 JavaThread "Execution worker for ':' Thread 7" [_thread_blocked, id=10764, stack(0x000000e1fb300000,0x000000e1fb400000)]
  0x00000241b0188000 JavaThread "Cache worker for execution history cache (C:\Users\Hp pavilion 15\Downloads\Compressed\UstaadMech\UstaadMech\UstaadMech\.gradle\7.0.2\executionHistory)" [_thread_blocked, id=16440, stack(0x000000e1fb400000,0x000000e1fb500000)]
  0x00000241b018e000 JavaThread "WorkerExecutor Queue" [_thread_blocked, id=11056, stack(0x000000e1fb600000,0x000000e1fb700000)]
  0x00000241b018a800 JavaThread "pool-27-thread-1" [_thread_blocked, id=13708, stack(0x000000e1fb700000,0x000000e1fb800000)]
  0x00000241b018e800 JavaThread "stderr" [_thread_in_native, id=9876, stack(0x000000e1fb800000,0x000000e1fb900000)]
  0x00000241b018f800 JavaThread "stdout" [_thread_in_native, id=15280, stack(0x000000e1fbc00000,0x000000e1fbd00000)]
  0x00000241b3347800 JavaThread "Cache worker for Java compile cache (C:\Users\Hp pavilion 15\Downloads\Compressed\UstaadMech\UstaadMech\UstaadMech\.gradle\7.0.2\javaCompile)" [_thread_blocked, id=10768, stack(0x000000e1f9100000,0x000000e1f9200000)]
  0x00000241b334a000 JavaThread "WorkerExecutor Queue Thread 2" [_thread_blocked, id=6952, stack(0x000000e1fbd00000,0x000000e1fbe00000)]
  0x00000241b3347000 JavaThread "WorkerExecutor Queue Thread 3" [_thread_blocked, id=14920, stack(0x000000e1fbf00000,0x000000e1fc000000)]
  0x00000241b3348800 JavaThread "WorkerExecutor Queue Thread 4" [_thread_blocked, id=10636, stack(0x000000e1fc000000,0x000000e1fc100000)]
  0x00000241b23ba800 JavaThread "WorkerExecutor Queue Thread 5" [_thread_blocked, id=13664, stack(0x000000e1fc200000,0x000000e1fc300000)]
  0x00000241b23be800 JavaThread "WorkerExecutor Queue Thread 6" [_thread_blocked, id=7336, stack(0x000000e1fc300000,0x000000e1fc400000)]
  0x00000241b23bf800 JavaThread "WorkerExecutor Queue Thread 7" [_thread_blocked, id=11176, stack(0x000000e1fc400000,0x000000e1fc500000)]
  0x00000241b23c2000 JavaThread "WorkerExecutor Queue Thread 8" [_thread_blocked, id=6104, stack(0x000000e1fc600000,0x000000e1fc700000)]
  0x00000241b6e2d000 JavaThread "WorkerExecutor Queue Thread 9" [_thread_blocked, id=7352, stack(0x000000e1fc700000,0x000000e1fc800000)]

Other Threads:
=>0x00000241af301800 VMThread "VM Thread" [stack: 0x000000e1f6b00000,0x000000e1f6c00000] [id=10864]
  0x00000241afe15800 WatcherThread [stack: 0x000000e1f7500000,0x000000e1f7600000] [id=14580]
  0x0000024194eb4000 GCTaskThread "GC Thread#0" [stack: 0x000000e1f6600000,0x000000e1f6700000] [id=13904]
  0x00000241b0add800 GCTaskThread "GC Thread#1" [stack: 0x000000e1f7800000,0x000000e1f7900000] [id=17936]
  0x00000241b06ee000 GCTaskThread "GC Thread#2" [stack: 0x000000e1f7900000,0x000000e1f7a00000] [id=1880]
  0x00000241b0df3800 GCTaskThread "GC Thread#3" [stack: 0x000000e1f8200000,0x000000e1f8300000] [id=15380]
  0x00000241b1a82800 GCTaskThread "GC Thread#4" [stack: 0x000000e1f8300000,0x000000e1f8400000] [id=14884]
  0x00000241b143f800 GCTaskThread "GC Thread#5" [stack: 0x000000e1f8400000,0x000000e1f8500000] [id=16036]
  0x00000241b15db800 GCTaskThread "GC Thread#6" [stack: 0x000000e1f8500000,0x000000e1f8600000] [id=8476]
  0x00000241b26ed800 GCTaskThread "GC Thread#7" [stack: 0x000000e1f8600000,0x000000e1f8700000] [id=10144]
  0x0000024194ee9800 ConcurrentGCThread "G1 Main Marker" [stack: 0x000000e1f6700000,0x000000e1f6800000] [id=15676]
  0x0000024194eea800 ConcurrentGCThread "G1 Conc#0" [stack: 0x000000e1f6800000,0x000000e1f6900000] [id=7980]
  0x00000241aff22800 ConcurrentGCThread "G1 Conc#1" [stack: 0x000000e1f8900000,0x000000e1f8a00000] [id=5204]
  0x00000241af150800 ConcurrentGCThread "G1 Refine#0" [stack: 0x000000e1f6900000,0x000000e1f6a00000] [id=18428]
  0x00000241b2e91800 ConcurrentGCThread "G1 Refine#1" [stack: 0x000000e1fb500000,0x000000e1fb600000] [id=9492]
  0x00000241af151800 ConcurrentGCThread "G1 Young RemSet Sampling" [stack: 0x000000e1f6a00000,0x000000e1f6b00000] [id=14708]

Threads with active compile tasks:
C2 CompilerThread01089816 23614       4       com.android.tools.r8.internal.Sr::a (282 bytes)
C1 CompilerThread01089816 23767 %     3       com.android.tools.r8.internal.Le::a @ 1628 (3140 bytes)

VM state:at safepoint (normal execution)

VM Mutex/Monitor currently owned by a thread:  ([mutex/lock_event])
[0x0000024194e98a50] Threads_lock - owner thread: 0x00000241af301800
[0x0000024194e98660] Heap_lock - owner thread: 0x00000241b23ba800

Heap address: 0x0000000080000000, size: 2048 MB, Compressed Oops mode: 32-bit
Narrow klass base: 0x0000000000000000, Narrow klass shift: 3
Compressed class space size: 1073741824 Address: 0x0000000100000000

Heap:
 garbage-first heap   total 313344K, used 147794K [0x0000000080000000, 0x0000000100000000)
  region size 1024K, 1 young (1024K), 1 survivors (1024K)
 Metaspace       used 131699K, capacity 135023K, committed 135116K, reserved 1167360K
  class space    used 16269K, capacity 17527K, committed 17612K, reserved 1048576K
Heap Regions: E=young(eden), S=young(survivor), O=old, HS=humongous(starts), HC=humongous(continues), CS=collection set, F=free, A=archive, TAMS=top-at-mark-start (previous, next)
|   0|0x0000000080000000, 0x0000000080100000, 0x0000000080100000|100%| O|  |TAMS 0x0000000080100000, 0x0000000080000000| Untracked 
|   1|0x0000000080100000, 0x0000000080200000, 0x0000000080200000|100%| O|  |TAMS 0x0000000080200000, 0x0000000080100000| Untracked 
|   2|0x0000000080200000, 0x0000000080300000, 0x0000000080300000|100%| O|  |TAMS 0x0000000080300000, 0x0000000080200000| Untracked 
|   3|0x0000000080300000, 0x0000000080400000, 0x0000000080400000|100%|HS|  |TAMS 0x0000000080400000, 0x0000000080300000| Complete 
|   4|0x0000000080400000, 0x0000000080500000, 0x0000000080500000|100%|HC|  |TAMS 0x0000000080500000, 0x0000000080400000| Complete 
|   5|0x0000000080500000, 0x0000000080600000, 0x0000000080600000|100%|HC|  |TAMS 0x0000000080600000, 0x0000000080500000| Complete 
|   6|0x0000000080600000, 0x0000000080700000, 0x0000000080700000|100%| O|  |TAMS 0x0000000080700000, 0x0000000080600000| Untracked 
|   7|0x0000000080700000, 0x0000000080800000, 0x0000000080800000|100%| O|  |TAMS 0x0000000080800000, 0x0000000080700000| Untracked 
|   8|0x0000000080800000, 0x0000000080900000, 0x0000000080900000|100%| O|  |TAMS 0x0000000080900000, 0x0000000080800000| Complete 
|   9|0x0000000080900000, 0x0000000080a00000, 0x0000000080a00000|100%| O|  |TAMS 0x0000000080a00000, 0x0000000080900000| Untracked 
|  10|0x0000000080a00000, 0x0000000080b00000, 0x0000000080b00000|100%| O|  |TAMS 0x0000000080b00000, 0x0000000080a00000| Untracked 
|  11|0x0000000080b00000, 0x0000000080c00000, 0x0000000080c00000|100%| O|  |TAMS 0x0000000080c00000, 0x0000000080b00000| Untracked 
|  12|0x0000000080c00000, 0x0000000080d00000, 0x0000000080d00000|100%| O|  |TAMS 0x0000000080d00000, 0x0000000080c00000| Untracked 
|  13|0x0000000080d00000, 0x0000000080e00000, 0x0000000080e00000|100%| O|  |TAMS 0x0000000080e00000, 0x0000000080d00000| Untracked 
|  14|0x0000000080e00000, 0x0000000080f00000, 0x0000000080f00000|100%| O|  |TAMS 0x0000000080f00000, 0x0000000080e00000| Untracked 
|  15|0x0000000080f00000, 0x0000000081000000, 0x0000000081000000|100%| O|  |TAMS 0x0000000081000000, 0x0000000080f00000| Untracked 
|  16|0x0000000081000000, 0x0000000081100000, 0x0000000081100000|100%| O|  |TAMS 0x0000000081100000, 0x0000000081000000| Complete 
|  17|0x0000000081100000, 0x0000000081200000, 0x0000000081200000|100%| O|  |TAMS 0x0000000081200000, 0x0000000081100000| Complete 
|  18|0x0000000081200000, 0x0000000081300000, 0x0000000081300000|100%|HS|  |TAMS 0x0000000081300000, 0x0000000081200000| Complete 
|  19|0x0000000081300000, 0x0000000081400000, 0x0000000081400000|100%| O|  |TAMS 0x0000000081400000, 0x0000000081300000| Untracked 
|  20|0x0000000081400000, 0x0000000081500000, 0x0000000081500000|100%| O|  |TAMS 0x0000000081500000, 0x0000000081400000| Untracked 
|  21|0x0000000081500000, 0x0000000081600000, 0x0000000081600000|100%| O|  |TAMS 0x0000000081600000, 0x0000000081500000| Untracked 
|  22|0x0000000081600000, 0x0000000081700000, 0x0000000081700000|100%| O|  |TAMS 0x0000000081700000, 0x0000000081600000| Untracked 
|  23|0x0000000081700000, 0x0000000081800000, 0x0000000081800000|100%| O|  |TAMS 0x0000000081800000, 0x0000000081700000| Untracked 
|  24|0x0000000081800000, 0x0000000081900000, 0x0000000081900000|100%| O|  |TAMS 0x0000000081900000, 0x0000000081800000| Untracked 
|  25|0x0000000081900000, 0x0000000081a00000, 0x0000000081a00000|100%| O|  |TAMS 0x0000000081a00000, 0x0000000081900000| Untracked 
|  26|0x0000000081a00000, 0x0000000081b00000, 0x0000000081b00000|100%| O|  |TAMS 0x0000000081b00000, 0x0000000081a00000| Untracked 
|  27|0x0000000081b00000, 0x0000000081c00000, 0x0000000081c00000|100%|HS|  |TAMS 0x0000000081c00000, 0x0000000081b00000| Complete 
|  28|0x0000000081c00000, 0x0000000081d00000, 0x0000000081d00000|100%|HS|  |TAMS 0x0000000081d00000, 0x0000000081c00000| Complete 
|  29|0x0000000081d00000, 0x0000000081e00000, 0x0000000081e00000|100%|HC|  |TAMS 0x0000000081e00000, 0x0000000081d00000| Complete 
|  30|0x0000000081e00000, 0x0000000081f00000, 0x0000000081f00000|100%| O|  |TAMS 0x0000000081f00000, 0x0000000081e00000| Untracked 
|  31|0x0000000081f00000, 0x0000000082000000, 0x0000000082000000|100%| O|  |TAMS 0x0000000082000000, 0x0000000081f00000| Complete 
|  32|0x0000000082000000, 0x0000000082100000, 0x0000000082100000|100%| O|  |TAMS 0x0000000082100000, 0x0000000082000000| Complete 
|  33|0x0000000082100000, 0x0000000082200000, 0x0000000082200000|100%| O|  |TAMS 0x0000000082200000, 0x0000000082100000| Untracked 
|  34|0x0000000082200000, 0x0000000082300000, 0x0000000082300000|100%| O|  |TAMS 0x0000000082300000, 0x0000000082200000| Untracked 
|  35|0x0000000082300000, 0x0000000082400000, 0x0000000082400000|100%| O|  |TAMS 0x0000000082400000, 0x0000000082300000| Untracked 
|  36|0x0000000082400000, 0x0000000082500000, 0x0000000082500000|100%| O|  |TAMS 0x0000000082500000, 0x0000000082400000| Untracked 
|  37|0x0000000082500000, 0x0000000082600000, 0x0000000082600000|100%| O|  |TAMS 0x0000000082600000, 0x0000000082500000| Untracked 
|  38|0x0000000082600000, 0x0000000082700000, 0x0000000082700000|100%| O|  |TAMS 0x0000000082700000, 0x0000000082600000| Untracked 
|  39|0x0000000082700000, 0x0000000082800000, 0x0000000082800000|100%| O|  |TAMS 0x0000000082800000, 0x0000000082700000| Complete 
|  40|0x0000000082800000, 0x0000000082900000, 0x0000000082900000|100%| O|  |TAMS 0x0000000082900000, 0x0000000082800000| Untracked 
|  41|0x0000000082900000, 0x0000000082a00000, 0x0000000082a00000|100%| O|  |TAMS 0x0000000082a00000, 0x0000000082900000| Complete 
|  42|0x0000000082a00000, 0x0000000082b00000, 0x0000000082b00000|100%| O|  |TAMS 0x0000000082b00000, 0x0000000082a00000| Untracked 
|  43|0x0000000082b00000, 0x0000000082c00000, 0x0000000082c00000|100%| O|  |TAMS 0x0000000082c00000, 0x0000000082b00000| Untracked 
|  44|0x0000000082c00000, 0x0000000082d00000, 0x0000000082d00000|100%| O|  |TAMS 0x0000000082d00000, 0x0000000082c00000| Untracked 
|  45|0x0000000082d00000, 0x0000000082e00000, 0x0000000082e00000|100%| O|  |TAMS 0x0000000082e00000, 0x0000000082d00000| Untracked 
|  46|0x0000000082e00000, 0x0000000082f00000, 0x0000000082f00000|100%| O|  |TAMS 0x0000000082f00000, 0x0000000082e00000| Untracked 
|  47|0x0000000082f00000, 0x0000000083000000, 0x0000000083000000|100%| O|  |TAMS 0x0000000083000000, 0x0000000082f00000| Untracked 
|  48|0x0000000083000000, 0x0000000083100000, 0x0000000083100000|100%| O|  |TAMS 0x0000000083100000, 0x0000000083000000| Untracked 
|  49|0x0000000083100000, 0x0000000083200000, 0x0000000083200000|100%| O|  |TAMS 0x0000000083200000, 0x0000000083100000| Complete 
|  50|0x0000000083200000, 0x0000000083300000, 0x0000000083300000|100%| O|  |TAMS 0x0000000083300000, 0x0000000083200000| Untracked 
|  51|0x0000000083300000, 0x0000000083400000, 0x0000000083400000|100%| O|  |TAMS 0x0000000083400000, 0x0000000083300000| Complete 
|  52|0x0000000083400000, 0x0000000083500000, 0x0000000083500000|100%| O|  |TAMS 0x0000000083500000, 0x0000000083400000| Complete 
|  53|0x0000000083500000, 0x0000000083600000, 0x0000000083600000|100%| O|  |TAMS 0x0000000083600000, 0x0000000083500000| Untracked 
|  54|0x0000000083600000, 0x0000000083700000, 0x0000000083700000|100%| O|  |TAMS 0x0000000083700000, 0x0000000083600000| Complete 
|  55|0x0000000083700000, 0x0000000083800000, 0x0000000083800000|100%| O|  |TAMS 0x0000000083700000, 0x0000000083700000| Untracked 
|  56|0x0000000083800000, 0x0000000083900000, 0x0000000083900000|100%| O|  |TAMS 0x0000000083900000, 0x0000000083800000| Untracked 
|  57|0x0000000083900000, 0x0000000083a00000, 0x0000000083a00000|100%| O|  |TAMS 0x0000000083a00000, 0x0000000083900000| Untracked 
|  58|0x0000000083a00000, 0x0000000083b00000, 0x0000000083b00000|100%| O|  |TAMS 0x0000000083b00000, 0x0000000083a00000| Untracked 
|  59|0x0000000083b00000, 0x0000000083c00000, 0x0000000083c00000|100%| O|  |TAMS 0x0000000083c00000, 0x0000000083b00000| Untracked 
|  60|0x0000000083c00000, 0x0000000083c00000, 0x0000000083d00000|  0%| F|  |TAMS 0x0000000083c00000, 0x0000000083c00000| Untracked 
|  61|0x0000000083d00000, 0x0000000083e00000, 0x0000000083e00000|100%| O|  |TAMS 0x0000000083e00000, 0x0000000083d00000| Complete 
|  62|0x0000000083e00000, 0x0000000083f00000, 0x0000000083f00000|100%| O|  |TAMS 0x0000000083e00000, 0x0000000083e00000| Untracked 
|  63|0x0000000083f00000, 0x0000000084000000, 0x0000000084000000|100%| O|  |TAMS 0x0000000084000000, 0x0000000083f00000| Complete 
|  64|0x0000000084000000, 0x0000000084100000, 0x0000000084100000|100%| O|  |TAMS 0x0000000084100000, 0x0000000084000000| Complete 
|  65|0x0000000084100000, 0x0000000084200000, 0x0000000084200000|100%| O|  |TAMS 0x0000000084200000, 0x0000000084100000| Untracked 
|  66|0x0000000084200000, 0x0000000084300000, 0x0000000084300000|100%| O|  |TAMS 0x0000000084300000, 0x0000000084200000| Untracked 
|  67|0x0000000084300000, 0x0000000084400000, 0x0000000084400000|100%| O|  |TAMS 0x0000000084400000, 0x0000000084300000| Untracked 
|  68|0x0000000084400000, 0x0000000084500000, 0x0000000084500000|100%| O|  |TAMS 0x0000000084500000, 0x0000000084400000| Untracked 
|  69|0x0000000084500000, 0x0000000084563400, 0x0000000084600000| 38%| O|  |TAMS 0x0000000084500000, 0x0000000084500000| Untracked 
|  70|0x0000000084600000, 0x0000000084700000, 0x0000000084700000|100%| O|  |TAMS 0x0000000084700000, 0x0000000084600000| Complete 
|  71|0x0000000084700000, 0x0000000084800000, 0x0000000084800000|100%| O|  |TAMS 0x0000000084800000, 0x0000000084700000| Complete 
|  72|0x0000000084800000, 0x0000000084900000, 0x0000000084900000|100%| O|  |TAMS 0x0000000084900000, 0x0000000084800000| Untracked 
|  73|0x0000000084900000, 0x0000000084a00000, 0x0000000084a00000|100%| O|  |TAMS 0x0000000084a00000, 0x0000000084900000| Untracked 
|  74|0x0000000084a00000, 0x0000000084b00000, 0x0000000084b00000|100%| O|  |TAMS 0x0000000084b00000, 0x0000000084a00000| Complete 
|  75|0x0000000084b00000, 0x0000000084c00000, 0x0000000084c00000|100%| O|  |TAMS 0x0000000084c00000, 0x0000000084b00000| Untracked 
|  76|0x0000000084c00000, 0x0000000084c00000, 0x0000000084d00000|  0%| F|  |TAMS 0x0000000084c00000, 0x0000000084c00000| Untracked 
|  77|0x0000000084d00000, 0x0000000084e00000, 0x0000000084e00000|100%| O|  |TAMS 0x0000000084e00000, 0x0000000084d00000| Untracked 
|  78|0x0000000084e00000, 0x0000000084f00000, 0x0000000084f00000|100%| O|  |TAMS 0x0000000084f00000, 0x0000000084e00000| Complete 
|  79|0x0000000084f00000, 0x0000000085000000, 0x0000000085000000|100%| O|  |TAMS 0x0000000085000000, 0x0000000084f00000| Complete 
|  80|0x0000000085000000, 0x0000000085100000, 0x0000000085100000|100%| O|  |TAMS 0x0000000085100000, 0x0000000085000000| Complete 
|  81|0x0000000085100000, 0x0000000085200000, 0x0000000085200000|100%| O|  |TAMS 0x0000000085200000, 0x0000000085100000| Complete 
|  82|0x0000000085200000, 0x0000000085300000, 0x0000000085300000|100%| O|  |TAMS 0x0000000085300000, 0x0000000085200000| Complete 
|  83|0x0000000085300000, 0x0000000085400000, 0x0000000085400000|100%| O|  |TAMS 0x0000000085400000, 0x0000000085300000| Untracked 
|  84|0x0000000085400000, 0x0000000085500000, 0x0000000085500000|100%| O|  |TAMS 0x0000000085500000, 0x0000000085400000| Complete 
|  85|0x0000000085500000, 0x0000000085500000, 0x0000000085600000|  0%| F|  |TAMS 0x0000000085500000, 0x0000000085500000| Untracked 
|  86|0x0000000085600000, 0x0000000085700000, 0x0000000085700000|100%| O|  |TAMS 0x0000000085700000, 0x0000000085600000| Untracked 
|  87|0x0000000085700000, 0x0000000085800000, 0x0000000085800000|100%| O|  |TAMS 0x0000000085800000, 0x0000000085700000| Untracked 
|  88|0x0000000085800000, 0x0000000085900000, 0x0000000085900000|100%| O|  |TAMS 0x0000000085900000, 0x0000000085800000| Untracked 
|  89|0x0000000085900000, 0x0000000085a00000, 0x0000000085a00000|100%| O|  |TAMS 0x0000000085a00000, 0x0000000085900000| Untracked 
|  90|0x0000000085a00000, 0x0000000085b00000, 0x0000000085b00000|100%| O|  |TAMS 0x0000000085b00000, 0x0000000085a00000| Complete 
|  91|0x0000000085b00000, 0x0000000085b00000, 0x0000000085c00000|  0%| F|  |TAMS 0x0000000085b00000, 0x0000000085b00000| Untracked 
|  92|0x0000000085c00000, 0x0000000085d00000, 0x0000000085d00000|100%| O|  |TAMS 0x0000000085d00000, 0x0000000085c00000| Untracked 
|  93|0x0000000085d00000, 0x0000000085e00000, 0x0000000085e00000|100%| O|  |TAMS 0x0000000085e00000, 0x0000000085d00000| Complete 
|  94|0x0000000085e00000, 0x0000000085f00000, 0x0000000085f00000|100%| O|  |TAMS 0x0000000085f00000, 0x0000000085e00000| Complete 
|  95|0x0000000085f00000, 0x0000000086000000, 0x0000000086000000|100%| O|  |TAMS 0x0000000086000000, 0x0000000085f00000| Untracked 
|  96|0x0000000086000000, 0x0000000086100000, 0x0000000086100000|100%| O|  |TAMS 0x0000000086100000, 0x0000000086000000| Complete 
|  97|0x0000000086100000, 0x0000000086200000, 0x0000000086200000|100%| O|  |TAMS 0x0000000086200000, 0x0000000086100000| Complete 
|  98|0x0000000086200000, 0x0000000086300000, 0x0000000086300000|100%| O|  |TAMS 0x0000000086300000, 0x0000000086200000| Complete 
|  99|0x0000000086300000, 0x0000000086400000, 0x0000000086400000|100%| O|  |TAMS 0x0000000086400000, 0x0000000086300000| Complete 
| 100|0x0000000086400000, 0x0000000086500000, 0x0000000086500000|100%| O|  |TAMS 0x0000000086500000, 0x0000000086400000| Complete 
| 101|0x0000000086500000, 0x0000000086600000, 0x0000000086600000|100%| O|  |TAMS 0x0000000086600000, 0x0000000086500000| Untracked 
| 102|0x0000000086600000, 0x0000000086700000, 0x0000000086700000|100%| O|  |TAMS 0x0000000086700000, 0x0000000086600000| Untracked 
| 103|0x0000000086700000, 0x0000000086800000, 0x0000000086800000|100%| O|  |TAMS 0x0000000086800000, 0x0000000086700000| Untracked 
| 104|0x0000000086800000, 0x0000000086900000, 0x0000000086900000|100%| O|  |TAMS 0x0000000086900000, 0x0000000086800000| Untracked 
| 105|0x0000000086900000, 0x0000000086a00000, 0x0000000086a00000|100%| O|  |TAMS 0x0000000086a00000, 0x0000000086900000| Untracked 
| 106|0x0000000086a00000, 0x0000000086b00000, 0x0000000086b00000|100%| O|  |TAMS 0x0000000086b00000, 0x0000000086a00000| Complete 
| 107|0x0000000086b00000, 0x0000000086c00000, 0x0000000086c00000|100%| O|  |TAMS 0x0000000086c00000, 0x0000000086b00000| Untracked 
| 108|0x0000000086c00000, 0x0000000086c00000, 0x0000000086d00000|  0%| F|  |TAMS 0x0000000086c00000, 0x0000000086c00000| Untracked 
| 109|0x0000000086d00000, 0x0000000086e00000, 0x0000000086e00000|100%| O|  |TAMS 0x0000000086e00000, 0x0000000086d00000| Complete 
| 110|0x0000000086e00000, 0x0000000086f00000, 0x0000000086f00000|100%| O|  |TAMS 0x0000000086f00000, 0x0000000086e00000| Complete 
| 111|0x0000000086f00000, 0x0000000087000000, 0x0000000087000000|100%| O|  |TAMS 0x0000000087000000, 0x0000000086f00000| Complete 
| 112|0x0000000087000000, 0x0000000087100000, 0x0000000087100000|100%| O|  |TAMS 0x0000000087100000, 0x0000000087000000| Complete 
| 113|0x0000000087100000, 0x0000000087200000, 0x0000000087200000|100%| O|  |TAMS 0x0000000087200000, 0x0000000087100000| Complete 
| 114|0x0000000087200000, 0x0000000087300000, 0x0000000087300000|100%| O|  |TAMS 0x0000000087300000, 0x0000000087200000| Complete 
| 115|0x0000000087300000, 0x0000000087400000, 0x0000000087400000|100%|HS|  |TAMS 0x0000000087400000, 0x0000000087300000| Complete 
| 116|0x0000000087400000, 0x0000000087500000, 0x0000000087500000|100%|HC|  |TAMS 0x0000000087500000, 0x0000000087400000| Complete 
| 117|0x0000000087500000, 0x0000000087600000, 0x0000000087600000|100%| O|  |TAMS 0x0000000087600000, 0x0000000087500000| Complete 
| 118|0x0000000087600000, 0x0000000087700000, 0x0000000087700000|100%| O|  |TAMS 0x0000000087700000, 0x0000000087600000| Untracked 
| 119|0x0000000087700000, 0x0000000087700000, 0x0000000087800000|  0%| F|  |TAMS 0x0000000087700000, 0x0000000087700000| Untracked 
| 120|0x0000000087800000, 0x0000000087900000, 0x0000000087900000|100%| O|  |TAMS 0x0000000087900000, 0x0000000087800000| Complete 
| 121|0x0000000087900000, 0x0000000087a00000, 0x0000000087a00000|100%| O|  |TAMS 0x0000000087a00000, 0x0000000087900000| Complete 
| 122|0x0000000087a00000, 0x0000000087b00000, 0x0000000087b00000|100%| O|  |TAMS 0x0000000087b00000, 0x0000000087a00000| Untracked 
| 123|0x0000000087b00000, 0x0000000087c00000, 0x0000000087c00000|100%| O|  |TAMS 0x0000000087c00000, 0x0000000087b00000| Untracked 
| 124|0x0000000087c00000, 0x0000000087c00000, 0x0000000087d00000|  0%| F|  |TAMS 0x0000000087c00000, 0x0000000087c00000| Untracked 
| 125|0x0000000087d00000, 0x0000000087d00000, 0x0000000087e00000|  0%| F|  |TAMS 0x0000000087d00000, 0x0000000087d00000| Untracked 
| 126|0x0000000087e00000, 0x0000000087e00000, 0x0000000087f00000|  0%| F|  |TAMS 0x0000000087e00000, 0x0000000087e00000| Untracked 
| 127|0x0000000087f00000, 0x0000000087f00000, 0x0000000088000000|  0%| F|  |TAMS 0x0000000087f00000, 0x0000000087f00000| Untracked 
| 128|0x0000000088000000, 0x0000000088000000, 0x0000000088100000|  0%| F|  |TAMS 0x0000000088000000, 0x0000000088000000| Untracked 
| 129|0x0000000088100000, 0x0000000088100000, 0x0000000088200000|  0%| F|  |TAMS 0x0000000088100000, 0x0000000088100000| Untracked 
| 130|0x0000000088200000, 0x0000000088200000, 0x0000000088300000|  0%| F|  |TAMS 0x0000000088200000, 0x0000000088200000| Untracked 
| 131|0x0000000088300000, 0x0000000088300000, 0x0000000088400000|  0%| F|  |TAMS 0x0000000088300000, 0x0000000088300000| Untracked 
| 132|0x0000000088400000, 0x0000000088400000, 0x0000000088500000|  0%| F|  |TAMS 0x0000000088400000, 0x0000000088400000| Untracked 
| 133|0x0000000088500000, 0x0000000088500000, 0x0000000088600000|  0%| F|  |TAMS 0x0000000088500000, 0x0000000088500000| Untracked 
| 134|0x0000000088600000, 0x0000000088700000, 0x0000000088700000|100%| O|  |TAMS 0x0000000088700000, 0x0000000088600000| Complete 
| 135|0x0000000088700000, 0x0000000088700000, 0x0000000088800000|  0%| F|  |TAMS 0x0000000088700000, 0x0000000088700000| Untracked 
| 136|0x0000000088800000, 0x0000000088900000, 0x0000000088900000|100%| O|  |TAMS 0x0000000088900000, 0x0000000088800000| Complete 
| 137|0x0000000088900000, 0x0000000088900000, 0x0000000088a00000|  0%| F|  |TAMS 0x0000000088900000, 0x0000000088900000| Untracked 
| 138|0x0000000088a00000, 0x0000000088a00000, 0x0000000088b00000|  0%| F|  |TAMS 0x0000000088a00000, 0x0000000088a00000| Untracked 
| 139|0x0000000088b00000, 0x0000000088b00000, 0x0000000088c00000|  0%| F|  |TAMS 0x0000000088b00000, 0x0000000088b00000| Untracked 
| 140|0x0000000088c00000, 0x0000000088c00000, 0x0000000088d00000|  0%| F|  |TAMS 0x0000000088c00000, 0x0000000088c00000| Untracked 
| 141|0x0000000088d00000, 0x0000000088d00000, 0x0000000088e00000|  0%| F|  |TAMS 0x0000000088d00000, 0x0000000088d00000| Untracked 
| 142|0x0000000088e00000, 0x0000000088f00000, 0x0000000088f00000|100%| O|  |TAMS 0x0000000088f00000, 0x0000000088e00000| Untracked 
| 143|0x0000000088f00000, 0x0000000089000000, 0x0000000089000000|100%| O|  |TAMS 0x0000000089000000, 0x0000000088f00000| Complete 
| 144|0x0000000089000000, 0x0000000089100000, 0x0000000089100000|100%| O|  |TAMS 0x0000000089065400, 0x0000000089000000| Complete 
| 145|0x0000000089100000, 0x0000000089200000, 0x0000000089200000|100%| O|  |TAMS 0x0000000089100000, 0x0000000089100000| Untracked 
| 146|0x0000000089200000, 0x0000000089300000, 0x0000000089300000|100%| O|  |TAMS 0x0000000089200000, 0x0000000089200000| Untracked 
| 147|0x0000000089300000, 0x0000000089400000, 0x0000000089400000|100%| O|  |TAMS 0x0000000089300000, 0x0000000089300000| Untracked 
| 148|0x0000000089400000, 0x0000000089500000, 0x0000000089500000|100%| O|  |TAMS 0x0000000089500000, 0x0000000089400000| Untracked 
| 149|0x0000000089500000, 0x0000000089600000, 0x0000000089600000|100%| O|  |TAMS 0x0000000089600000, 0x0000000089500000| Untracked 
| 150|0x0000000089600000, 0x0000000089700000, 0x0000000089700000|100%| O|  |TAMS 0x0000000089700000, 0x0000000089600000| Untracked 
| 151|0x0000000089700000, 0x0000000089800000, 0x0000000089800000|100%| O|  |TAMS 0x0000000089700000, 0x0000000089700000| Untracked 
| 152|0x0000000089800000, 0x0000000089900000, 0x0000000089900000|100%| O|  |TAMS 0x0000000089800000, 0x0000000089800000| Untracked 
| 153|0x0000000089900000, 0x0000000089a00000, 0x0000000089a00000|100%| O|  |TAMS 0x0000000089900000, 0x0000000089900000| Untracked 
| 154|0x0000000089a00000, 0x0000000089b00000, 0x0000000089b00000|100%| O|  |TAMS 0x0000000089a00000, 0x0000000089a00000| Untracked 
| 155|0x0000000089b00000, 0x0000000089c00000, 0x0000000089c00000|100%| O|  |TAMS 0x0000000089b00000, 0x0000000089b00000| Untracked 
| 156|0x0000000089c00000, 0x0000000089d00000, 0x0000000089d00000|100%| O|  |TAMS 0x0000000089c00000, 0x0000000089c00000| Untracked 
| 157|0x0000000089d00000, 0x0000000089e00000, 0x0000000089e00000|100%| O|  |TAMS 0x0000000089d00000, 0x0000000089d00000| Untracked 
| 158|0x0000000089e00000, 0x0000000089f00000, 0x0000000089f00000|100%| O|  |TAMS 0x0000000089e00000, 0x0000000089e00000| Untracked 
| 159|0x0000000089f00000, 0x000000008a000000, 0x000000008a000000|100%| O|  |TAMS 0x0000000089f00000, 0x0000000089f00000| Untracked 
| 160|0x000000008a000000, 0x000000008a100000, 0x000000008a100000|100%| O|  |TAMS 0x000000008a000000, 0x000000008a000000| Untracked 
| 161|0x000000008a100000, 0x000000008a200000, 0x000000008a200000|100%| O|  |TAMS 0x000000008a100000, 0x000000008a100000| Untracked 
| 162|0x000000008a200000, 0x000000008a300000, 0x000000008a300000|100%| O|  |TAMS 0x000000008a200000, 0x000000008a200000| Untracked 
| 163|0x000000008a300000, 0x000000008a400000, 0x000000008a400000|100%| O|  |TAMS 0x000000008a400000, 0x000000008a300000| Complete 
| 164|0x000000008a400000, 0x000000008a500000, 0x000000008a500000|100%| O|  |TAMS 0x000000008a500000, 0x000000008a400000| Complete 
| 165|0x000000008a500000, 0x000000008a600000, 0x000000008a600000|100%| O|  |TAMS 0x000000008a600000, 0x000000008a500000| Complete 
| 166|0x000000008a600000, 0x000000008a600000, 0x000000008a700000|  0%| F|  |TAMS 0x000000008a600000, 0x000000008a600000| Untracked 
| 167|0x000000008a700000, 0x000000008a700000, 0x000000008a800000|  0%| F|  |TAMS 0x000000008a700000, 0x000000008a700000| Untracked 
| 168|0x000000008a800000, 0x000000008a800000, 0x000000008a900000|  0%| F|  |TAMS 0x000000008a800000, 0x000000008a800000| Untracked 
| 169|0x000000008a900000, 0x000000008a900000, 0x000000008aa00000|  0%| F|  |TAMS 0x000000008a900000, 0x000000008a900000| Untracked 
| 170|0x000000008aa00000, 0x000000008aa00000, 0x000000008ab00000|  0%| F|  |TAMS 0x000000008aa00000, 0x000000008aa00000| Untracked 
| 171|0x000000008ab00000, 0x000000008ab00000, 0x000000008ac00000|  0%| F|  |TAMS 0x000000008ab00000, 0x000000008ab00000| Untracked 
| 172|0x000000008ac00000, 0x000000008ac00000, 0x000000008ad00000|  0%| F|  |TAMS 0x000000008ac00000, 0x000000008ac00000| Untracked 
| 173|0x000000008ad00000, 0x000000008ad00000, 0x000000008ae00000|  0%| F|  |TAMS 0x000000008ad00000, 0x000000008ad00000| Untracked 
| 174|0x000000008ae00000, 0x000000008ae00000, 0x000000008af00000|  0%| F|  |TAMS 0x000000008ae00000, 0x000000008ae00000| Untracked 
| 175|0x000000008af00000, 0x000000008af00000, 0x000000008b000000|  0%| F|  |TAMS 0x000000008af00000, 0x000000008af00000| Untracked 
| 176|0x000000008b000000, 0x000000008b000000, 0x000000008b100000|  0%| F|  |TAMS 0x000000008b000000, 0x000000008b000000| Untracked 
| 177|0x000000008b100000, 0x000000008b100000, 0x000000008b200000|  0%| F|  |TAMS 0x000000008b100000, 0x000000008b100000| Untracked 
| 178|0x000000008b200000, 0x000000008b200000, 0x000000008b300000|  0%| F|  |TAMS 0x000000008b200000, 0x000000008b200000| Untracked 
| 179|0x000000008b300000, 0x000000008b300000, 0x000000008b400000|  0%| F|  |TAMS 0x000000008b300000, 0x000000008b300000| Untracked 
| 180|0x000000008b400000, 0x000000008b400000, 0x000000008b500000|  0%| F|  |TAMS 0x000000008b400000, 0x000000008b400000| Untracked 
| 181|0x000000008b500000, 0x000000008b500000, 0x000000008b600000|  0%| F|  |TAMS 0x000000008b500000, 0x000000008b500000| Untracked 
| 182|0x000000008b600000, 0x000000008b600000, 0x000000008b700000|  0%| F|  |TAMS 0x000000008b600000, 0x000000008b600000| Untracked 
| 183|0x000000008b700000, 0x000000008b700000, 0x000000008b800000|  0%| F|  |TAMS 0x000000008b700000, 0x000000008b700000| Untracked 
| 184|0x000000008b800000, 0x000000008b800000, 0x000000008b900000|  0%| F|  |TAMS 0x000000008b800000, 0x000000008b800000| Untracked 
| 185|0x000000008b900000, 0x000000008b900000, 0x000000008ba00000|  0%| F|  |TAMS 0x000000008b900000, 0x000000008b900000| Untracked 
| 186|0x000000008ba00000, 0x000000008ba00000, 0x000000008bb00000|  0%| F|  |TAMS 0x000000008ba00000, 0x000000008ba00000| Untracked 
| 187|0x000000008bb00000, 0x000000008bb00000, 0x000000008bc00000|  0%| F|  |TAMS 0x000000008bb00000, 0x000000008bb00000| Untracked 
| 188|0x000000008bc00000, 0x000000008bc00000, 0x000000008bd00000|  0%| F|  |TAMS 0x000000008bc00000, 0x000000008bc00000| Untracked 
| 189|0x000000008bd00000, 0x000000008bd00000, 0x000000008be00000|  0%| F|  |TAMS 0x000000008bd00000, 0x000000008bd00000| Untracked 
| 190|0x000000008be00000, 0x000000008be00000, 0x000000008bf00000|  0%| F|  |TAMS 0x000000008be00000, 0x000000008be00000| Untracked 
| 191|0x000000008bf00000, 0x000000008bf00000, 0x000000008c000000|  0%| F|  |TAMS 0x000000008bf00000, 0x000000008bf00000| Untracked 
| 192|0x000000008c000000, 0x000000008c000000, 0x000000008c100000|  0%| F|  |TAMS 0x000000008c000000, 0x000000008c000000| Untracked 
| 193|0x000000008c100000, 0x000000008c100000, 0x000000008c200000|  0%| F|  |TAMS 0x000000008c100000, 0x000000008c100000| Untracked 
| 194|0x000000008c200000, 0x000000008c200000, 0x000000008c300000|  0%| F|  |TAMS 0x000000008c200000, 0x000000008c200000| Untracked 
| 195|0x000000008c300000, 0x000000008c300000, 0x000000008c400000|  0%| F|  |TAMS 0x000000008c300000, 0x000000008c300000| Untracked 
| 196|0x000000008c400000, 0x000000008c400000, 0x000000008c500000|  0%| F|  |TAMS 0x000000008c400000, 0x000000008c400000| Untracked 
| 197|0x000000008c500000, 0x000000008c500000, 0x000000008c600000|  0%| F|  |TAMS 0x000000008c500000, 0x000000008c500000| Untracked 
| 198|0x000000008c600000, 0x000000008c600000, 0x000000008c700000|  0%| F|  |TAMS 0x000000008c600000, 0x000000008c600000| Untracked 
| 199|0x000000008c700000, 0x000000008c700000, 0x000000008c800000|  0%| F|  |TAMS 0x000000008c700000, 0x000000008c700000| Untracked 
| 200|0x000000008c800000, 0x000000008c800000, 0x000000008c900000|  0%| F|  |TAMS 0x000000008c800000, 0x000000008c800000| Untracked 
| 201|0x000000008c900000, 0x000000008c900000, 0x000000008ca00000|  0%| F|  |TAMS 0x000000008c900000, 0x000000008c900000| Untracked 
| 202|0x000000008ca00000, 0x000000008ca00000, 0x000000008cb00000|  0%| F|  |TAMS 0x000000008ca00000, 0x000000008ca00000| Untracked 
| 203|0x000000008cb00000, 0x000000008cb00000, 0x000000008cc00000|  0%| F|  |TAMS 0x000000008cb00000, 0x000000008cb00000| Untracked 
| 204|0x000000008cc00000, 0x000000008cc00000, 0x000000008cd00000|  0%| F|  |TAMS 0x000000008cc00000, 0x000000008cc00000| Untracked 
| 205|0x000000008cd00000, 0x000000008cd00000, 0x000000008ce00000|  0%| F|  |TAMS 0x000000008cd00000, 0x000000008cd00000| Untracked 
| 206|0x000000008ce00000, 0x000000008ce00000, 0x000000008cf00000|  0%| F|  |TAMS 0x000000008ce00000, 0x000000008ce00000| Untracked 
| 207|0x000000008cf00000, 0x000000008cf00000, 0x000000008d000000|  0%| F|  |TAMS 0x000000008cf00000, 0x000000008cf00000| Untracked 
| 208|0x000000008d000000, 0x000000008d000000, 0x000000008d100000|  0%| F|  |TAMS 0x000000008d000000, 0x000000008d000000| Untracked 
| 209|0x000000008d100000, 0x000000008d100000, 0x000000008d200000|  0%| F|  |TAMS 0x000000008d100000, 0x000000008d100000| Untracked 
| 210|0x000000008d200000, 0x000000008d2f1708, 0x000000008d300000| 94%| S|CS|TAMS 0x000000008d200000, 0x000000008d200000| Complete 
| 211|0x000000008d300000, 0x000000008d300000, 0x000000008d400000|  0%| F|  |TAMS 0x000000008d300000, 0x000000008d300000| Untracked 
| 212|0x000000008d400000, 0x000000008d400000, 0x000000008d500000|  0%| F|  |TAMS 0x000000008d400000, 0x000000008d400000| Untracked 
| 213|0x000000008d500000, 0x000000008d500000, 0x000000008d600000|  0%| F|  |TAMS 0x000000008d500000, 0x000000008d500000| Untracked 
| 214|0x000000008d600000, 0x000000008d600000, 0x000000008d700000|  0%| F|  |TAMS 0x000000008d600000, 0x000000008d600000| Untracked 
| 215|0x000000008d700000, 0x000000008d700000, 0x000000008d800000|  0%| F|  |TAMS 0x000000008d700000, 0x000000008d700000| Untracked 
| 216|0x000000008d800000, 0x000000008d800000, 0x000000008d900000|  0%| F|  |TAMS 0x000000008d800000, 0x000000008d800000| Untracked 
| 217|0x000000008d900000, 0x000000008d900000, 0x000000008da00000|  0%| F|  |TAMS 0x000000008d900000, 0x000000008d900000| Untracked 
| 218|0x000000008da00000, 0x000000008da00000, 0x000000008db00000|  0%| F|  |TAMS 0x000000008da00000, 0x000000008da00000| Untracked 
| 219|0x000000008db00000, 0x000000008db00000, 0x000000008dc00000|  0%| F|  |TAMS 0x000000008db00000, 0x000000008db00000| Untracked 
| 220|0x000000008dc00000, 0x000000008dc00000, 0x000000008dd00000|  0%| F|  |TAMS 0x000000008dc00000, 0x000000008dc00000| Untracked 
| 221|0x000000008dd00000, 0x000000008dd00000, 0x000000008de00000|  0%| F|  |TAMS 0x000000008dd00000, 0x000000008dd00000| Untracked 

Card table byte_map: [0x00000241a80c0000,0x00000241a84c0000] _byte_map_base: 0x00000241a7cc0000

Marking Bits (Prev, Next): (CMBitMap*) 0x0000024194ee0d10, (CMBitMap*) 0x0000024194ee0cd8
 Prev Bits: [0x00000241aa8c0000, 0x00000241ac8c0000)
 Next Bits: [0x00000241a88c0000, 0x00000241aa8c0000)

Polling page: 0x0000024192de0000

Metaspace:

Usage:
  Non-class:    114.74 MB capacity,   112.72 MB ( 98%) used,     1.61 MB (  1%) free+waste,   417.88 KB ( <1%) overhead. 
      Class:     17.12 MB capacity,    15.89 MB ( 93%) used,     1.05 MB (  6%) free+waste,   182.06 KB (  1%) overhead. 
       Both:    131.86 MB capacity,   128.61 MB ( 98%) used,     2.66 MB (  2%) free+waste,   599.94 KB ( <1%) overhead. 

Virtual space:
  Non-class space:      116.00 MB reserved,     114.75 MB ( 99%) committed 
      Class space:        1.00 GB reserved,      17.20 MB (  2%) committed 
             Both:        1.11 GB reserved,     131.95 MB ( 12%) committed 

Chunk freelists:
   Non-Class:  8.00 KB
       Class:  9.00 KB
        Both:  17.00 KB

MaxMetaspaceSize: 17179869184.00 GB
CompressedClassSpaceSize: 1.00 GB

CodeHeap 'non-profiled nmethods': size=120000Kb used=14910Kb max_used=14910Kb free=105089Kb
 bounds [0x00000241a0460000, 0x00000241a1300000, 0x00000241a7990000]
CodeHeap 'profiled nmethods': size=120000Kb used=47405Kb max_used=47405Kb free=72594Kb
 bounds [0x0000024198f30000, 0x000002419bda0000, 0x00000241a0460000]
CodeHeap 'non-nmethods': size=5760Kb used=2380Kb max_used=2461Kb free=3379Kb
 bounds [0x0000024198990000, 0x0000024198c00000, 0x0000024198f30000]
 total_blobs=22193 nmethods=21183 adapters=919
 compilation: enabled
              stopped_count=0, restarted_count=0
 full_count=0

Compilation events (20 events):
Event: 1089.449 Thread 0x00000241afc8d800 nmethod 23696% 0x000002419bd2ac90 code [0x000002419bd2b460, 0x000002419bd315a8]
Event: 1089.449 Thread 0x00000241afc8d800 23689       2       com.android.tools.r8.internal.Le::a (3140 bytes)
Event: 1089.490 Thread 0x00000241afc8d800 nmethod 23689 0x000002419bd33110 code [0x000002419bd34120, 0x000002419bd3bb48]
Event: 1089.490 Thread 0x00000241afc8d800 23718   !   3       com.android.tools.r8.graph.i::a (1446 bytes)
Event: 1089.541 Thread 0x00000241afc8d800 nmethod 23718 0x000002419bd40690 code [0x000002419bd41920, 0x000002419bd4f128]
Event: 1089.541 Thread 0x00000241afc8d800 23733       2       com.android.tools.r8.ir.regalloc.b::g (190 bytes)
Event: 1089.542 Thread 0x00000241afc8d800 nmethod 23733 0x000002419bd53e10 code [0x000002419bd54080, 0x000002419bd54638]
Event: 1089.542 Thread 0x00000241afc8d800 23727       2       com.android.tools.r8.ir.regalloc.a::a (116 bytes)
Event: 1089.544 Thread 0x00000241afc8d800 nmethod 23727 0x000002419bd54990 code [0x000002419bd54c20, 0x000002419bd55348]
Event: 1089.544 Thread 0x00000241afc8d800 23722       2       com.android.tools.r8.ir.regalloc.c::a (122 bytes)
Event: 1089.546 Thread 0x00000241afc8d800 nmethod 23722 0x000002419bd55890 code [0x000002419bd55ae0, 0x000002419bd560c8]
Event: 1089.546 Thread 0x00000241afc8d800 23717       3       java.util.HashMap$EntrySpliterator::forEachRemaining (183 bytes)
Event: 1089.547 Thread 0x00000241afc8d800 nmethod 23717 0x000002419bd56410 code [0x000002419bd56640, 0x000002419bd56e68]
Event: 1089.547 Thread 0x00000241afc8d800 23713 %     3       com.android.tools.r8.internal.E7::p @ 822 (1053 bytes)
Event: 1089.574 Thread 0x00000241afc8d800 nmethod 23713% 0x000002419bd57110 code [0x000002419bd57d20, 0x000002419bd61418]
Event: 1089.574 Thread 0x00000241afc8d800 23745 %     3       com.android.tools.r8.internal.Le::a @ 153 (3140 bytes)
Event: 1089.653 Thread 0x00000241afc8d800 nmethod 23745% 0x000002419bd64a10 code [0x000002419bd668c0, 0x000002419bd7cce8]
Event: 1089.654 Thread 0x00000241afc8d800 23760 %     3       com.android.tools.r8.internal.E7::p @ 63 (1053 bytes)
Event: 1089.681 Thread 0x00000241afc8d800 nmethod 23760% 0x000002419bd84610 code [0x000002419bd85240, 0x000002419bd8e878]
Event: 1089.681 Thread 0x00000241afc8d800 23767 %     3       com.android.tools.r8.internal.Le::a @ 1628 (3140 bytes)

GC Heap History (20 events):
Event: 1086.705 GC heap after
{Heap after GC invocations=109 (full 0):
 garbage-first heap   total 227328K, used 144754K [0x0000000080000000, 0x0000000100000000)
  region size 1024K, 7 young (7168K), 7 survivors (7168K)
 Metaspace       used 130608K, capacity 133882K, committed 133964K, reserved 1165312K
  class space    used 16247K, capacity 17458K, committed 17484K, reserved 1048576K
}
Event: 1086.743 GC heap before
{Heap before GC invocations=109 (full 0):
 garbage-first heap   total 227328K, used 148850K [0x0000000080000000, 0x0000000100000000)
  region size 1024K, 11 young (11264K), 7 survivors (7168K)
 Metaspace       used 130664K, capacity 133953K, committed 134220K, reserved 1165312K
  class space    used 16247K, capacity 17458K, committed 17484K, reserved 1048576K
}
Event: 1086.758 GC heap after
{Heap after GC invocations=110 (full 0):
 garbage-first heap   total 227328K, used 145636K [0x0000000080000000, 0x0000000100000000)
  region size 1024K, 2 young (2048K), 2 survivors (2048K)
 Metaspace       used 130664K, capacity 133953K, committed 134220K, reserved 1165312K
  class space    used 16247K, capacity 17458K, committed 17484K, reserved 1048576K
}
Event: 1087.221 GC heap before
{Heap before GC invocations=110 (full 0):
 garbage-first heap   total 227328K, used 183524K [0x0000000080000000, 0x0000000100000000)
  region size 1024K, 39 young (39936K), 2 survivors (2048K)
 Metaspace       used 131089K, capacity 134350K, committed 134476K, reserved 1167360K
  class space    used 16252K, capacity 17460K, committed 17484K, reserved 1048576K
}
Event: 1087.233 GC heap after
{Heap after GC invocations=111 (full 0):
 garbage-first heap   total 227328K, used 148070K [0x0000000080000000, 0x0000000100000000)
  region size 1024K, 4 young (4096K), 4 survivors (4096K)
 Metaspace       used 131089K, capacity 134350K, committed 134476K, reserved 1167360K
  class space    used 16252K, capacity 17460K, committed 17484K, reserved 1048576K
}
Event: 1088.488 GC heap before
{Heap before GC invocations=112 (full 0):
 garbage-first heap   total 227328K, used 191078K [0x0000000080000000, 0x0000000100000000)
  region size 1024K, 41 young (41984K), 4 survivors (4096K)
 Metaspace       used 131369K, capacity 134653K, committed 134860K, reserved 1167360K
  class space    used 16255K, capacity 17493K, committed 17612K, reserved 1048576K
}
Event: 1088.502 GC heap after
{Heap after GC invocations=113 (full 0):
 garbage-first heap   total 227328K, used 151367K [0x0000000080000000, 0x0000000100000000)
  region size 1024K, 6 young (6144K), 6 survivors (6144K)
 Metaspace       used 131369K, capacity 134653K, committed 134860K, reserved 1167360K
  class space    used 16255K, capacity 17493K, committed 17612K, reserved 1048576K
}
Event: 1088.520 GC heap before
{Heap before GC invocations=113 (full 0):
 garbage-first heap   total 227328K, used 155463K [0x0000000080000000, 0x0000000100000000)
  region size 1024K, 11 young (11264K), 6 survivors (6144K)
 Metaspace       used 131451K, capacity 134720K, committed 134860K, reserved 1167360K
  class space    used 16255K, capacity 17493K, committed 17612K, reserved 1048576K
}
Event: 1088.534 GC heap after
{Heap after GC invocations=114 (full 0):
 garbage-first heap   total 227328K, used 151082K [0x0000000080000000, 0x0000000100000000)
  region size 1024K, 1 young (1024K), 1 survivors (1024K)
 Metaspace       used 131451K, capacity 134720K, committed 134860K, reserved 1167360K
  class space    used 16255K, capacity 17493K, committed 17612K, reserved 1048576K
}
Event: 1088.680 GC heap before
{Heap before GC invocations=114 (full 0):
 garbage-first heap   total 227328K, used 186922K [0x0000000080000000, 0x0000000100000000)
  region size 1024K, 37 young (37888K), 1 survivors (1024K)
 Metaspace       used 131491K, capacity 134785K, committed 135116K, reserved 1167360K
  class space    used 16256K, capacity 17493K, committed 17612K, reserved 1048576K
}
Event: 1088.740 GC heap after
{Heap after GC invocations=115 (full 0):
 garbage-first heap   total 227328K, used 159125K [0x0000000080000000, 0x0000000100000000)
  region size 1024K, 5 young (5120K), 5 survivors (5120K)
 Metaspace       used 131491K, capacity 134785K, committed 135116K, reserved 1167360K
  class space    used 16256K, capacity 17493K, committed 17612K, reserved 1048576K
}
Event: 1088.940 GC heap before
{Heap before GC invocations=115 (full 0):
 garbage-first heap   total 227328K, used 187797K [0x0000000080000000, 0x0000000100000000)
  region size 1024K, 34 young (34816K), 5 survivors (5120K)
 Metaspace       used 131575K, capacity 134888K, committed 135116K, reserved 1167360K
  class space    used 16268K, capacity 17527K, committed 17612K, reserved 1048576K
}
Event: 1088.961 GC heap after
{Heap after GC invocations=116 (full 0):
 garbage-first heap   total 227328K, used 164864K [0x0000000080000000, 0x0000000100000000)
  region size 1024K, 5 young (5120K), 5 survivors (5120K)
 Metaspace       used 131575K, capacity 134888K, committed 135116K, reserved 1167360K
  class space    used 16268K, capacity 17527K, committed 17612K, reserved 1048576K
}
Event: 1089.238 GC heap before
{Heap before GC invocations=116 (full 0):
 garbage-first heap   total 227328K, used 189440K [0x0000000080000000, 0x0000000100000000)
  region size 1024K, 30 young (30720K), 5 survivors (5120K)
 Metaspace       used 131649K, capacity 134959K, committed 135116K, reserved 1167360K
  class space    used 16269K, capacity 17527K, committed 17612K, reserved 1048576K
}
Event: 1089.256 GC heap after
{Heap after GC invocations=117 (full 0):
 garbage-first heap   total 227328K, used 166473K [0x0000000080000000, 0x0000000100000000)
  region size 1024K, 2 young (2048K), 2 survivors (2048K)
 Metaspace       used 131649K, capacity 134959K, committed 135116K, reserved 1167360K
  class space    used 16269K, capacity 17527K, committed 17612K, reserved 1048576K
}
Event: 1089.519 GC heap before
{Heap before GC invocations=118 (full 0):
 garbage-first heap   total 227328K, used 192073K [0x0000000080000000, 0x0000000100000000)
  region size 1024K, 27 young (27648K), 2 survivors (2048K)
 Metaspace       used 131697K, capacity 135023K, committed 135116K, reserved 1167360K
  class space    used 16269K, capacity 17527K, committed 17612K, reserved 1048576K
}
Event: 1089.527 GC heap after
{Heap after GC invocations=119 (full 0):
 garbage-first heap   total 227328K, used 165968K [0x0000000080000000, 0x0000000100000000)
  region size 1024K, 2 young (2048K), 2 survivors (2048K)
 Metaspace       used 131697K, capacity 135023K, committed 135116K, reserved 1167360K
  class space    used 16269K, capacity 17527K, committed 17612K, reserved 1048576K
}
Event: 1089.580 GC heap before
{Heap before GC invocations=119 (full 0):
 garbage-first heap   total 227328K, used 175184K [0x0000000080000000, 0x0000000100000000)
  region size 1024K, 11 young (11264K), 2 survivors (2048K)
 Metaspace       used 131698K, capacity 135023K, committed 135116K, reserved 1167360K
  class space    used 16269K, capacity 17527K, committed 17612K, reserved 1048576K
}
Event: 1089.597 GC heap after
{Heap after GC invocations=120 (full 0):
 garbage-first heap   total 227328K, used 147680K [0x0000000080000000, 0x0000000100000000)
  region size 1024K, 2 young (2048K), 2 survivors (2048K)
 Metaspace       used 131698K, capacity 135023K, committed 135116K, reserved 1167360K
  class space    used 16269K, capacity 17527K, committed 17612K, reserved 1048576K
}
Event: 1089.712 GC heap before
{Heap before GC invocations=120 (full 0):
 garbage-first heap   total 227328K, used 155872K [0x0000000080000000, 0x0000000100000000)
  region size 1024K, 11 young (11264K), 2 survivors (2048K)
 Metaspace       used 131699K, capacity 135023K, committed 135116K, reserved 1167360K
  class space    used 16269K, capacity 17527K, committed 17612K, reserved 1048576K
}

Deoptimization events (20 events):
Event: 1089.481 Thread 0x00000241b23bf800 DEOPT PACKING pc=0x000002419bcf3762 sp=0x000000e1fc4fc180
Event: 1089.481 Thread 0x00000241b23bf800 DEOPT UNPACKING pc=0x00000241989b76ce sp=0x000000e1fc4fb618 mode 0
Event: 1089.483 Thread 0x00000241b23ba800 DEOPT PACKING pc=0x000002419bcd8949 sp=0x000000e1fc2fc7b0
Event: 1089.483 Thread 0x00000241b23ba800 DEOPT UNPACKING pc=0x00000241989b76ce sp=0x000000e1fc2fbeb8 mode 0
Event: 1089.501 Thread 0x00000241b23bf800 Uncommon trap: trap_request=0xffffff4d fr.pc=0x00000241a0fcf784 relative=0x00000000000001c4
Event: 1089.501 Thread 0x00000241b23bf800 Uncommon trap: reason=unstable_if action=reinterpret pc=0x00000241a0fcf784 method=com.android.tools.r8.ir.regalloc.c.a(ILcom/android/tools/r8/ir/regalloc/c$a;)Z @ 84 c2
Event: 1089.501 Thread 0x00000241b23bf800 DEOPT PACKING pc=0x00000241a0fcf784 sp=0x000000e1fc4fb7c0
Event: 1089.501 Thread 0x00000241b23bf800 DEOPT UNPACKING pc=0x00000241989b78af sp=0x000000e1fc4fb758 mode 2
Event: 1089.503 Thread 0x00000241b23c2000 DEOPT PACKING pc=0x000002419bcbd98a sp=0x000000e1fc6fc7b0
Event: 1089.503 Thread 0x00000241b23c2000 DEOPT UNPACKING pc=0x00000241989b76ce sp=0x000000e1fc6fbcd0 mode 0
Event: 1089.505 Thread 0x00000241b23bf800 Uncommon trap: trap_request=0xffffff4d fr.pc=0x00000241a0fb3fa4 relative=0x0000000000000304
Event: 1089.505 Thread 0x00000241b23bf800 Uncommon trap: reason=unstable_if action=reinterpret pc=0x00000241a0fb3fa4 method=com.android.tools.r8.ir.regalloc.b.g(I)Lcom/android/tools/r8/ir/regalloc/b; @ 141 c2
Event: 1089.505 Thread 0x00000241b23bf800 DEOPT PACKING pc=0x00000241a0fb3fa4 sp=0x000000e1fc4fbed0
Event: 1089.505 Thread 0x00000241b23bf800 DEOPT UNPACKING pc=0x00000241989b78af sp=0x000000e1fc4fbdf0 mode 2
Event: 1089.506 Thread 0x00000241b23bf800 Uncommon trap: trap_request=0xffffff4d fr.pc=0x00000241a0fe1560 relative=0x0000000000000240
Event: 1089.506 Thread 0x00000241b23bf800 Uncommon trap: reason=unstable_if action=reinterpret pc=0x00000241a0fe1560 method=com.android.tools.r8.ir.regalloc.b.g(I)Lcom/android/tools/r8/ir/regalloc/b; @ 141 c2
Event: 1089.506 Thread 0x00000241b23bf800 DEOPT PACKING pc=0x00000241a0fe1560 sp=0x000000e1fc4fbe50
Event: 1089.506 Thread 0x00000241b23bf800 DEOPT UNPACKING pc=0x00000241989b78af sp=0x000000e1fc4fbde0 mode 2
Event: 1089.679 Thread 0x00000241b23bf800 DEOPT PACKING pc=0x000002419bcd07b7 sp=0x000000e1fc4fc3a0
Event: 1089.679 Thread 0x00000241b23bf800 DEOPT UNPACKING pc=0x00000241989b76ce sp=0x000000e1fc4fb978 mode 0

Classes redefined (0 events):
No events

Internal exceptions (20 events):
Event: 1088.986 Thread 0x00000241b3347000 Exception <a 'sun/nio/fs/WindowsException'{0x000000008da6c698}> (0x000000008da6c698) thrown at [./src/hotspot/share/prims/jni.cpp, line 615]
Event: 1088.990 Thread 0x00000241b3348800 Exception <a 'sun/nio/fs/WindowsException'{0x000000008db4b6c0}> (0x000000008db4b6c0) thrown at [./src/hotspot/share/prims/jni.cpp, line 615]
Event: 1088.993 Thread 0x00000241b334a000 Exception <a 'sun/nio/fs/WindowsException'{0x000000008d970ed0}> (0x000000008d970ed0) thrown at [./src/hotspot/share/prims/jni.cpp, line 615]
Event: 1088.999 Thread 0x00000241b3347000 Exception <a 'sun/nio/fs/WindowsException'{0x000000008d97e3d8}> (0x000000008d97e3d8) thrown at [./src/hotspot/share/prims/jni.cpp, line 615]
Event: 1089.088 Thread 0x00000241b334a000 Exception <a 'sun/nio/fs/WindowsException'{0x000000008d399418}> (0x000000008d399418) thrown at [./src/hotspot/share/prims/jni.cpp, line 615]
Event: 1089.093 Thread 0x00000241b334a000 Exception <a 'sun/nio/fs/WindowsException'{0x000000008d243e38}> (0x000000008d243e38) thrown at [./src/hotspot/share/prims/jni.cpp, line 615]
Event: 1089.096 Thread 0x00000241b334a000 Exception <a 'sun/nio/fs/WindowsException'{0x000000008d2b9370}> (0x000000008d2b9370) thrown at [./src/hotspot/share/prims/jni.cpp, line 615]
Event: 1089.100 Thread 0x00000241b334a000 Exception <a 'sun/nio/fs/WindowsException'{0x000000008d2c34f8}> (0x000000008d2c34f8) thrown at [./src/hotspot/share/prims/jni.cpp, line 615]
Event: 1089.100 Thread 0x00000241b3347000 Exception <a 'sun/nio/fs/WindowsException'{0x000000008d341d90}> (0x000000008d341d90) thrown at [./src/hotspot/share/prims/jni.cpp, line 615]
Event: 1089.123 Thread 0x00000241b334a000 Exception <a 'sun/nio/fs/WindowsException'{0x000000008d182f60}> (0x000000008d182f60) thrown at [./src/hotspot/share/prims/jni.cpp, line 615]
Event: 1089.130 Thread 0x00000241b3347000 Exception <a 'sun/nio/fs/WindowsException'{0x000000008d08edd0}> (0x000000008d08edd0) thrown at [./src/hotspot/share/prims/jni.cpp, line 615]
Event: 1089.132 Thread 0x00000241b334a000 Exception <a 'sun/nio/fs/WindowsException'{0x000000008d0f55e0}> (0x000000008d0f55e0) thrown at [./src/hotspot/share/prims/jni.cpp, line 615]
Event: 1089.135 Thread 0x00000241b3347000 Exception <a 'sun/nio/fs/WindowsException'{0x000000008cf95130}> (0x000000008cf95130) thrown at [./src/hotspot/share/prims/jni.cpp, line 615]
Event: 1089.176 Thread 0x00000241b3347000 Exception <a 'sun/nio/fs/WindowsException'{0x000000008cbf3d18}> (0x000000008cbf3d18) thrown at [./src/hotspot/share/prims/jni.cpp, line 615]
Event: 1089.202 Thread 0x00000241b3347000 Exception <a 'sun/nio/fs/WindowsException'{0x000000008caeb310}> (0x000000008caeb310) thrown at [./src/hotspot/share/prims/jni.cpp, line 615]
Event: 1089.205 Thread 0x00000241b3347000 Exception <a 'sun/nio/fs/WindowsException'{0x000000008c9216d0}> (0x000000008c9216d0) thrown at [./src/hotspot/share/prims/jni.cpp, line 615]
Event: 1089.212 Thread 0x00000241b3347000 Exception <a 'sun/nio/fs/WindowsException'{0x000000008c86c878}> (0x000000008c86c878) thrown at [./src/hotspot/share/prims/jni.cpp, line 615]
Event: 1089.216 Thread 0x00000241b3347000 Exception <a 'sun/nio/fs/WindowsException'{0x000000008c875f60}> (0x000000008c875f60) thrown at [./src/hotspot/share/prims/jni.cpp, line 615]
Event: 1089.219 Thread 0x00000241b3347000 Exception <a 'sun/nio/fs/WindowsException'{0x000000008c708de0}> (0x000000008c708de0) thrown at [./src/hotspot/share/prims/jni.cpp, line 615]
Event: 1089.223 Thread 0x00000241b3347000 Exception <a 'sun/nio/fs/WindowsException'{0x000000008c7f8660}> (0x000000008c7f8660) thrown at [./src/hotspot/share/prims/jni.cpp, line 615]

Events (20 events):
Event: 1088.912 loading class com/android/tools/r8/internal/aG done
Event: 1088.937 loading class com/android/tools/r8/internal/Ms
Event: 1088.937 loading class com/android/tools/r8/internal/Ms done
Event: 1088.937 loading class com/android/tools/r8/internal/Ms
Event: 1088.937 loading class com/android/tools/r8/internal/Ms done
Event: 1088.939 Executing VM operation: G1CollectForAllocation
Event: 1088.961 Executing VM operation: G1CollectForAllocation done
Event: 1088.983 loading class com/android/tools/r8/internal/aa
Event: 1088.983 loading class com/android/tools/r8/internal/aa done
Event: 1089.177 Executing VM operation: CGC_Operation
Event: 1089.197 Executing VM operation: CGC_Operation done
Event: 1089.237 Executing VM operation: G1CollectForAllocation
Event: 1089.256 Executing VM operation: G1CollectForAllocation done
Event: 1089.493 Executing VM operation: CGC_Operation
Event: 1089.494 Executing VM operation: CGC_Operation done
Event: 1089.519 Executing VM operation: G1CollectForAllocation
Event: 1089.528 Executing VM operation: G1CollectForAllocation done
Event: 1089.580 Executing VM operation: G1CollectForAllocation
Event: 1089.597 Executing VM operation: G1CollectForAllocation done
Event: 1089.712 Executing VM operation: G1CollectForAllocation


Dynamic libraries:
0x00007ff72ec00000 - 0x00007ff72ec0a000 	D:\Android Studio\jre\bin\java.exe
0x00007fffa5100000 - 0x00007fffa5307000 	C:\WINDOWS\SYSTEM32\ntdll.dll
0x00007fffa3980000 - 0x00007fffa3a3d000 	C:\WINDOWS\System32\KERNEL32.DLL
0x00007fffa2a20000 - 0x00007fffa2d94000 	C:\WINDOWS\System32\KERNELBASE.dll
0x00007fffa2da0000 - 0x00007fffa2eb1000 	C:\WINDOWS\System32\ucrtbase.dll
0x00007fff88590000 - 0x00007fff885a7000 	D:\Android Studio\jre\bin\VCRUNTIME140.dll
0x00007fff84940000 - 0x00007fff84959000 	D:\Android Studio\jre\bin\jli.dll
0x00007fffa3720000 - 0x00007fffa38cc000 	C:\WINDOWS\System32\USER32.dll
0x00007fffa2f60000 - 0x00007fffa2f86000 	C:\WINDOWS\System32\win32u.dll
0x00007fff8f7c0000 - 0x00007fff8fa65000 	C:\WINDOWS\WinSxS\amd64_microsoft.windows.common-controls_6595b64144ccf1df_6.0.22000.120_none_9d947278b86cc467\COMCTL32.dll
0x00007fffa34e0000 - 0x00007fffa3509000 	C:\WINDOWS\System32\GDI32.dll
0x00007fffa3290000 - 0x00007fffa3333000 	C:\WINDOWS\System32\msvcrt.dll
0x00007fffa2720000 - 0x00007fffa2832000 	C:\WINDOWS\System32\gdi32full.dll
0x00007fffa2ec0000 - 0x00007fffa2f5d000 	C:\WINDOWS\System32\msvcp_win.dll
0x00007fffa3250000 - 0x00007fffa3281000 	C:\WINDOWS\System32\IMM32.DLL
0x00007fff77f20000 - 0x00007fff77fbd000 	D:\Android Studio\jre\bin\msvcp140.dll
0x00007fff51940000 - 0x00007fff5240f000 	D:\Android Studio\jre\bin\server\jvm.dll
0x00007fffa3650000 - 0x00007fffa36fc000 	C:\WINDOWS\System32\ADVAPI32.dll
0x00007fffa38d0000 - 0x00007fffa396d000 	C:\WINDOWS\System32\sechost.dll
0x00007fffa2fa0000 - 0x00007fffa30c1000 	C:\WINDOWS\System32\RPCRT4.dll
0x00007fffa2f90000 - 0x00007fffa2f98000 	C:\WINDOWS\System32\PSAPI.DLL
0x00007fff9e980000 - 0x00007fff9e989000 	C:\WINDOWS\SYSTEM32\WSOCK32.dll
0x00007fff9c870000 - 0x00007fff9c8a3000 	C:\WINDOWS\SYSTEM32\WINMM.dll
0x00007fff93fb0000 - 0x00007fff93fba000 	C:\WINDOWS\SYSTEM32\VERSION.dll
0x00007fffa31c0000 - 0x00007fffa322f000 	C:\WINDOWS\System32\WS2_32.dll
0x00007fffa1700000 - 0x00007fffa1718000 	C:\WINDOWS\SYSTEM32\kernel.appcore.dll
0x00007fff9e960000 - 0x00007fff9e971000 	D:\Android Studio\jre\bin\verify.dll
0x00007fffa02b0000 - 0x00007fffa04d1000 	C:\WINDOWS\SYSTEM32\DBGHELP.DLL
0x00007fff92460000 - 0x00007fff92491000 	C:\WINDOWS\SYSTEM32\dbgcore.DLL
0x00007fffa25e0000 - 0x00007fffa2660000 	C:\WINDOWS\System32\bcryptPrimitives.dll
0x00007fff9e890000 - 0x00007fff9e8b9000 	D:\Android Studio\jre\bin\java.dll
0x00007fff9e940000 - 0x00007fff9e94b000 	D:\Android Studio\jre\bin\jimage.dll
0x00007fff9c9f0000 - 0x00007fff9ca08000 	D:\Android Studio\jre\bin\zip.dll
0x00007fffa4910000 - 0x00007fffa50be000 	C:\WINDOWS\System32\SHELL32.dll
0x00007fffa0750000 - 0x00007fffa0fb7000 	C:\WINDOWS\SYSTEM32\windows.storage.dll
0x00007fffa4590000 - 0x00007fffa4908000 	C:\WINDOWS\System32\combase.dll
0x00007fffa05e0000 - 0x00007fffa0746000 	C:\WINDOWS\SYSTEM32\wintypes.dll
0x00007fffa30d0000 - 0x00007fffa31ba000 	C:\WINDOWS\System32\SHCORE.dll
0x00007fffa3510000 - 0x00007fffa356d000 	C:\WINDOWS\System32\shlwapi.dll
0x00007fffa2510000 - 0x00007fffa2531000 	C:\WINDOWS\SYSTEM32\profapi.dll
0x00007fff9c410000 - 0x00007fff9c42a000 	D:\Android Studio\jre\bin\net.dll
0x00007fff9bdb0000 - 0x00007fff9bebc000 	C:\WINDOWS\SYSTEM32\WINHTTP.dll
0x00007fffa1b10000 - 0x00007fffa1b77000 	C:\WINDOWS\system32\mswsock.dll
0x00007fff92950000 - 0x00007fff92964000 	D:\Android Studio\jre\bin\nio.dll
0x00007fff7ecd0000 - 0x00007fff7ecf7000 	C:\Users\Hp pavilion 15\.gradle\native\8bec1ad78214c89d9ad589b4d07fe93259594b29d510b10fafb7a158f7737e5d\windows-amd64\native-platform.dll
0x00007fff6b780000 - 0x00007fff6b8bd000 	C:\Users\Hp pavilion 15\.gradle\native\53dbd7edfb1c66fb8903c78663c9afc45aea4f116125fa6feffd364cf09443e8\windows-amd64\native-platform-file-events.dll
0x00007fff9df70000 - 0x00007fff9df7a000 	D:\Android Studio\jre\bin\management.dll
0x00007fff9d400000 - 0x00007fff9d40c000 	D:\Android Studio\jre\bin\management_ext.dll
0x00007fffa1d50000 - 0x00007fffa1d68000 	C:\WINDOWS\SYSTEM32\CRYPTSP.dll
0x00007fffa1660000 - 0x00007fffa1695000 	C:\WINDOWS\system32\rsaenh.dll
0x00007fffa1c00000 - 0x00007fffa1c29000 	C:\WINDOWS\SYSTEM32\USERENV.dll
0x00007fffa1ed0000 - 0x00007fffa1ef7000 	C:\WINDOWS\SYSTEM32\bcrypt.dll
0x00007fffa1d70000 - 0x00007fffa1d7c000 	C:\WINDOWS\SYSTEM32\CRYPTBASE.dll
0x00007fffa1210000 - 0x00007fffa123d000 	C:\WINDOWS\SYSTEM32\IPHLPAPI.DLL
0x00007fffa3970000 - 0x00007fffa3979000 	C:\WINDOWS\System32\NSI.dll
0x00007fff9c200000 - 0x00007fff9c219000 	C:\WINDOWS\SYSTEM32\dhcpcsvc6.DLL
0x00007fff9c4b0000 - 0x00007fff9c4ce000 	C:\WINDOWS\SYSTEM32\dhcpcsvc.DLL
0x00007fffa1240000 - 0x00007fffa1327000 	C:\WINDOWS\SYSTEM32\DNSAPI.dll
0x00007fff8f010000 - 0x00007fff8f037000 	D:\Android Studio\jre\bin\sunec.dll
0x00007fff934b0000 - 0x00007fff934ba000 	C:\Windows\System32\rasadhlp.dll
0x00007fff9a000000 - 0x00007fff9a081000 	C:\WINDOWS\System32\fwpuclnt.dll

dbghelp: loaded successfully - version: 4.0.5 - missing functions: none
symbol engine: initialized successfully - sym options: 0x614 - pdb path: .;D:\Android Studio\jre\bin;C:\WINDOWS\SYSTEM32;C:\WINDOWS\WinSxS\amd64_microsoft.windows.common-controls_6595b64144ccf1df_6.0.22000.120_none_9d947278b86cc467;D:\Android Studio\jre\bin\server;C:\Users\Hp pavilion 15\.gradle\native\8bec1ad78214c89d9ad589b4d07fe93259594b29d510b10fafb7a158f7737e5d\windows-amd64;C:\Users\Hp pavilion 15\.gradle\native\53dbd7edfb1c66fb8903c78663c9afc45aea4f116125fa6feffd364cf09443e8\windows-amd64

VM Arguments:
jvm_args: --add-opens=java.base/java.util=ALL-UNNAMED --add-opens=java.base/java.lang=ALL-UNNAMED --add-opens=java.base/java.lang.invoke=ALL-UNNAMED --add-opens=java.base/java.util=ALL-UNNAMED --add-opens=java.prefs/java.util.prefs=ALL-UNNAMED --add-opens=java.prefs/java.util.prefs=ALL-UNNAMED --add-opens=java.base/java.nio.charset=ALL-UNNAMED --add-opens=java.base/java.net=ALL-UNNAMED --add-opens=java.base/java.util.concurrent.atomic=ALL-UNNAMED -Xmx2048m -Dfile.encoding=UTF-8 -Duser.country=US -Duser.language=en -Duser.variant 
java_command: org.gradle.launcher.daemon.bootstrap.GradleDaemon 7.0.2
java_class_path (initial): C:\Users\Hp pavilion 15\.gradle\wrapper\dists\gradle-7.0.2-bin\857tjihv64xamwrf0h14cai3r\gradle-7.0.2\lib\gradle-launcher-7.0.2.jar
Launcher Type: SUN_STANDARD

[Global flags]
     intx CICompilerCount                          = 4                                         {product} {ergonomic}
     uint ConcGCThreads                            = 2                                         {product} {ergonomic}
     uint G1ConcRefinementThreads                  = 8                                         {product} {ergonomic}
   size_t G1HeapRegionSize                         = 1048576                                   {product} {ergonomic}
    uintx GCDrainStackTargetSize                   = 64                                        {product} {ergonomic}
   size_t InitialHeapSize                          = 134217728                                 {product} {ergonomic}
   size_t MarkStackSize                            = 4194304                                   {product} {ergonomic}
   size_t MaxHeapSize                              = 2147483648                                {product} {command line}
   size_t MaxNewSize                               = 1287651328                                {product} {ergonomic}
   size_t MinHeapDeltaBytes                        = 1048576                                   {product} {ergonomic}
    uintx NonNMethodCodeHeapSize                   = 5836300                                {pd product} {ergonomic}
    uintx NonProfiledCodeHeapSize                  = 122910970                              {pd product} {ergonomic}
    uintx ProfiledCodeHeapSize                     = 122910970                              {pd product} {ergonomic}
    uintx ReservedCodeCacheSize                    = 251658240                              {pd product} {ergonomic}
     bool SegmentedCodeCache                       = true                                      {product} {ergonomic}
     bool UseCompressedClassPointers               = true                                 {lp64_product} {ergonomic}
     bool UseCompressedOops                        = true                                 {lp64_product} {ergonomic}
     bool UseG1GC                                  = true                                      {product} {ergonomic}
     bool UseLargePagesIndividualAllocation        = false                                  {pd product} {ergonomic}

Logging:
Log output configuration:
 #0: stdout all=warning uptime,level,tags
 #1: stderr all=off uptime,level,tags

Environment Variables:
PATH=C:\Windows\system32;C:\Windows;C:\Windows\System32\Wbem;C:\Windows\System32\WindowsPowerShell\v1.0\;C:\Windows\System32\OpenSSH\;C:\xampp\php;C:\ProgramData\ComposerSetup\bin;C:\Program Files\Microsoft SQL Server\150\Tools\Binn\;C:\Program Files\Microsoft SQL Server\Client SDK\ODBC\170\Tools\Binn\;C:\Program Files\dotnet\;%SystemRoot%\system32;%SystemRoot%;%SystemRoot%\System32\Wbem;%SYSTEMROOT%\System32\WindowsPowerShell\v1.0\;%SYSTEMROOT%\System32\OpenSSH\;C:\Users\Hp pavilion 15\AppData\Local\Microsoft\WindowsApps;;C:\Users\Hp pavilion 15\AppData\Local\Programs\Microsoft VS Code\bin;C:\Users\Hp pavilion 15\AppData\Roaming\Composer\vendor\bin;C:\Users\Hp pavilion 15\.dotnet\tools
USERNAME=Hp pavilion 15
OS=Windows_NT
PROCESSOR_IDENTIFIER=Intel64 Family 6 Model 142 Stepping 10, GenuineIntel



---------------  S Y S T E M  ---------------

OS: Windows 10 , 64 bit Build 22000 (10.0.22000.318)
OS uptime: 1 days 22:21 hours

CPU:total 8 (initial active 8) (4 cores per cpu, 2 threads per core) family 6 model 142 stepping 10 microcode 0xe0, cmov, cx8, fxsr, mmx, sse, sse2, sse3, ssse3, sse4.1, sse4.2, popcnt, avx, avx2, aes, clmul, erms, 3dnowpref, lzcnt, ht, tsc, tscinvbit, bmi1, bmi2, adx, fma

Memory: 4k page, system-wide physical 8075M (351M free)
TotalPageFile size 12171M (AvailPageFile size 86M)
current process WorkingSet (physical memory assigned to process): 554M, peak: 556M
current process commit charge ("private bytes"): 629M, peak: 713M

vm_info: OpenJDK 64-Bit Server VM (11.0.10+0-b96-7249189) for windows-amd64 JRE (11.0.10+0-b96-7249189), built on Mar 31 2021 21:44:00 by "builder" with MS VC++ 14.0 (VS2015)

END.
